#
# A fatal error has been detected by the Java Runtime Environment:
#
#  SIGSEGV (0xb) at pc=0x00007fb44dcecda4, pid=99, tid=421
#
# JRE version: OpenJDK Runtime Environment 18.9 (11.0.8+10) (build 11.0.8+10)
# Java VM: OpenJDK 64-Bit Server VM 18.9 (11.0.8+10, mixed mode, tiered, compressed oops, g1 gc, linux-amd64)
# Problematic frame:
# C  [libpthread.so.0+0xada4]  pthread_mutex_lock+0x4
#
# Core dump will be written. Default location: Core dumps may be processed with "/lib/systemd/systemd-coredump %P %u %g %s %t 9223372036854775808 %e" (or dumping to /home/pc-nina/eclipse-workspace/AllinUsServer/core.99)
#
# If you would like to submit a bug report, please visit:
#   https://bugreport.java.com/bugreport/crash.jsp
# The crash happened outside the Java Virtual Machine in native code.
# See problematic frame for where to report the bug.
#

---------------  S U M M A R Y ------------

Command Line: -Dfile.encoding=UTF-8 --module-path=/home/pc-nina/eclipse-workspace/AllinUsServer/bin:/home/pc-nina/eclipse-workspace/AllinUsServer/externLib/sqlite-jdbc-3.30.1.jar -Djdk.module.main=AllinUsServer AllinUsServer/AllInUsServer.ChatServer

Host: AMD E1-6010 APU with AMD Radeon R2 Graphics, 2 cores, 3G, GNOME 3.38 (Flatpak runtime)
Time: Tue Dec  8 11:41:56 2020 CET elapsed time: 507 seconds (0d 0h 8m 27s)

---------------  T H R E A D  ---------------

Current thread (0x00007fb4481f4000):  JavaThread "Thread-13" [_thread_in_native, id=421, stack(0x00007fb419b49000,0x00007fb419c4a000)]

Stack: [0x00007fb419b49000,0x00007fb419c4a000],  sp=0x00007fb419c48738,  free space=1021k
Native frames: (J=compiled Java code, A=aot compiled Java code, j=interpreted, Vv=VM code, C=native code)
C  [libpthread.so.0+0xada4]  pthread_mutex_lock+0x4

Java frames: (J=compiled Java code, j=interpreted, Vv=VM code)
j  org.sqlite.core.NativeDB.column_int(JI)I+0 sqlite.jdbc@3.30.1
j  org.sqlite.jdbc3.JDBC3ResultSet.getInt(I)I+18 sqlite.jdbc@3.30.1
j  org.sqlite.jdbc3.JDBC3ResultSet.getInt(Ljava/lang/String;)I+6 sqlite.jdbc@3.30.1
J 620 c2 AllInUsServer.ClientHandler.run()V AllinUsServer (3272 bytes) @ 0x00007fb438425558 [0x00007fb438421a80+0x0000000000003ad8]
j  java.lang.Thread.run()V+11 java.base@11.0.8
v  ~StubRoutines::call_stub

siginfo: si_signo: 11 (SIGSEGV), si_code: 128 (SI_KERNEL), si_addr: 0x0000000000000000

Register to memory mapping:

RAX=0x00007fb4200c6cd8 points into unknown readable memory: 88 26 0c 20 b4 7f 00 00
RBX=0x00007fb4200c2b38 points into unknown readable memory: d8 6c 0c 20 b4 7f 00 00
RCX=0x0000000000000003 is an unknown value
RDX=0x00007fb4200c2b38 points into unknown readable memory: d8 6c 0c 20 b4 7f 00 00
RSP=0x00007fb419c48738 is pointing into the stack for thread: 0x00007fb4481f4000
RBP=0x0000000000000003 is an unknown value
RSI=0x0000000000000003 is an unknown value
RDI=0x3435353230307369 is an unknown value
R8 =0x0 is NULL
R9 =
[error occurred during error reporting (printing register info), id 0xb, SIGSEGV (0xb) at pc=0x00007fb44cfa572c]

Registers:
RAX=0x00007fb4200c6cd8, RBX=0x00007fb4200c2b38, RCX=0x0000000000000003, RDX=0x00007fb4200c2b38
RSP=0x00007fb419c48738, RBP=0x0000000000000003, RSI=0x0000000000000003, RDI=0x3435353230307369
R8 =0x0000000000000000, R9 =0x00000000ffffffff, R10=0x00007fb43090fcf3, R11=0x00007fb41a57a983
R12=0x00007fb4200c2b38, R13=0x00007fb41bf84360, R14=0x00007fb419c48838, R15=0x00007fb4481f4000
RIP=0x00007fb44dcecda4, EFLAGS=0x0000000000010206, CSGSFS=0x002b000000000033, ERR=0x0000000000000000
  TRAPNO=0x000000000000000d

Top of Stack: (sp=0x00007fb419c48738)
0x00007fb419c48738:   00007fb41a5742e9 00007fb419c48838
0x00007fb419c48748:   00007fb41bf84360 00007fb419c48800
0x00007fb419c48758:   00007fb41a574470 00007fb4481f4b88
0x00007fb419c48768:   00007fb41bf84360 0000000000000000 

Instructions: (pc=0x00007fb44dcecda4)
0x00007fb44dcecca4:   20 64 48 8b 04 25 10 00 00 00 48 05 e0 02 00 00
0x00007fb44dceccb4:   48 89 45 18 64 4c 89 0c 25 e0 02 00 00 64 48 c7
0x00007fb44dceccc4:   04 25 f0 02 00 00 00 00 00 00 41 b8 82 00 00 00
0x00007fb44dceccd4:   e9 7d fa ff ff 64 48 c7 04 25 f0 02 00 00 00 00
0x00007fb44dcecce4:   00 00 41 b8 23 00 00 00 e9 65 fa ff ff 41 8b 06
0x00007fb44dceccf4:   83 e0 7f 83 f8 12 74 dd 83 f8 11 0f 85 36 fd ff
0x00007fb44dcecd04:   ff 64 48 c7 04 25 f0 02 00 00 00 00 00 00 8b 45
0x00007fb44dcecd14:   04 83 f8 ff 0f 84 fc fd ff ff 83 c0 01 89 45 04
0x00007fb44dcecd24:   e9 2d fa ff ff 0f 1f 80 00 00 00 00 45 31 d2 ba
0x00007fb44dcecd34:   01 00 00 00 be 01 00 00 00 48 89 ef b8 ca 00 00
0x00007fb44dcecd44:   00 0f 05 e9 ec fd ff ff e8 7f b9 ff ff 48 8d 0d
0x00007fb44dcecd54:   18 ba 00 00 ba 48 02 00 00 48 8d 35 96 b8 00 00
0x00007fb44dcecd64:   48 8d 3d c2 b8 00 00 e8 c0 b9 ff ff 8b 55 00 e9
0x00007fb44dcecd74:   4b f9 ff ff 48 8d 0d f1 b9 00 00 ba a7 01 00 00
0x00007fb44dcecd84:   48 8d 35 6f b8 00 00 48 8d 3d 9e b7 00 00 e8 99
0x00007fb44dcecd94:   b9 ff ff 66 0f 1f 84 00 00 00 00 00 f3 0f 1e fa
0x00007fb44dcecda4:   8b 47 10 89 c2 81 e2 7f 01 00 00 83 e0 7c 75 7c
0x00007fb44dcecdb4:   53 48 83 ec 10 85 d2 75 7b 8b 0d e5 63 01 00 85
0x00007fb44dcecdc4:   c9 75 39 31 c0 ba 01 00 00 00 f0 0f b1 17 0f 85
0x00007fb44dcecdd4:   98 00 00 00 8b 57 08 85 d2 0f 85 42 01 00 00 64
0x00007fb44dcecde4:   8b 04 25 d0 02 00 00 83 47 0c 01 89 47 08 31 c0
0x00007fb44dcecdf4:   48 83 c4 10 5b c3 66 0f 1f 44 00 00 8b 47 10 f6
0x00007fb44dcece04:   c4 03 74 08 f6 c4 01 74 ba eb 07 90 80 cc 01 89
0x00007fb44dcece14:   47 10 8b 57 10 48 83 c4 10 48 8d 77 16 5b 81 e2
0x00007fb44dcece24:   80 00 00 00 e9 c3 aa 00 00 0f 1f 00 e9 1b f8 ff
0x00007fb44dcece34:   ff 0f 1f 00 81 fa 00 01 00 00 74 d6 8b 57 10 83
0x00007fb44dcece44:   e2 7f 83 fa 01 75 5f 64 8b 0c 25 d0 02 00 00 39
0x00007fb44dcece54:   4f 08 75 35 8b 47 04 83 f8 ff 0f 84 b7 00 00 00
0x00007fb44dcece64:   83 c0 01 89 47 04 31 c0 eb 86 66 90 8b 77 10 48
0x00007fb44dcece74:   89 7c 24 08 81 e6 80 00 00 00 e8 7d 78 00 00 48
0x00007fb44dcece84:   8b 7c 24 08 e9 4b ff ff ff f0 0f b1 17 75 6b 8b
0x00007fb44dcece94:   47 08 85 c0 0f 85 cc 00 00 00 c7 47 04 01 00 00 


Stack slot to memory mapping:
stack at sp + 0 slots: 0x00007fb41a5742e9: <offset 0x000000000001f2e9> in /tmp/sqlite-3.30.1-40636a14-483e-45e2-abc9-9bf65024f359-libsqlitejdbc.so at 0x00007fb41a555000
stack at sp + 1 slots: 0x00007fb419c48838 is pointing into the stack for thread: 0x00007fb4481f4000
stack at sp + 2 slots: {method} {0x00007fb41bf84360} 'column_int' '(JI)I' in 'org/sqlite/core/NativeDB'
stack at sp + 3 slots: 0x00007fb419c48800 is pointing into the stack for thread: 0x00007fb4481f4000
stack at sp + 4 slots: 0x00007fb41a574470: <offset 0x000000000001f470> in /tmp/sqlite-3.30.1-40636a14-483e-45e2-abc9-9bf65024f359-libsqlitejdbc.so at 0x00007fb41a555000
stack at sp + 5 slots: 0x00007fb4481f4b88 points into unknown readable memory: 78 65 3b ce 00 00 00 00
stack at sp + 6 slots: {method} {0x00007fb41bf84360} 'column_int' '(JI)I' in 'org/sqlite/core/NativeDB'
stack at sp + 7 slots: 0x0 is NULL


---------------  P R O C E S S  ---------------

Threads class SMR info:
_java_thread_list=0x00007fb4200074e0, length=19, elements={
0x00007fb448016000, 0x00007fb4480e5000, 0x00007fb4480e9000, 0x00007fb448126800,
0x00007fb448128800, 0x00007fb44812a800, 0x00007fb44812c800, 0x00007fb44819d800,
0x00007fb44821c800, 0x00007fb448236800, 0x00007fb3f40cd800, 0x00007fb448182800,
0x00007fb3fc002800, 0x00007fb448184000, 0x00007fb404026000, 0x00007fb4481f2800,
0x00007fb41003e800, 0x00007fb4481f4000, 0x00007fb42003e800
}

Java Threads: ( => current thread )
  0x00007fb448016000 JavaThread "main" [_thread_in_native, id=100, stack(0x00007fb44c3d9000,0x00007fb44c4da000)]
  0x00007fb4480e5000 JavaThread "Reference Handler" daemon [_thread_blocked, id=111, stack(0x00007fb41b5fd000,0x00007fb41b6fe000)]
  0x00007fb4480e9000 JavaThread "Finalizer" daemon [_thread_blocked, id=112, stack(0x00007fb41b4fc000,0x00007fb41b5fd000)]
  0x00007fb448126800 JavaThread "Signal Dispatcher" daemon [_thread_blocked, id=113, stack(0x00007fb41b183000,0x00007fb41b284000)]
  0x00007fb448128800 JavaThread "C2 CompilerThread0" daemon [_thread_blocked, id=114, stack(0x00007fb41b082000,0x00007fb41b183000)]
  0x00007fb44812a800 JavaThread "C1 CompilerThread0" daemon [_thread_blocked, id=115, stack(0x00007fb41af81000,0x00007fb41b082000)]
  0x00007fb44812c800 JavaThread "Sweeper thread" daemon [_thread_blocked, id=116, stack(0x00007fb41ae80000,0x00007fb41af81000)]
  0x00007fb44819d800 JavaThread "Common-Cleaner" daemon [_thread_blocked, id=117, stack(0x00007fb41ad34000,0x00007fb41ae35000)]
  0x00007fb44821c800 JavaThread "Service Thread" daemon [_thread_blocked, id=119, stack(0x00007fb41ac33000,0x00007fb41ad34000)]
  0x00007fb448236800 JavaThread "Thread-1" [_thread_blocked, id=162, stack(0x00007fb41aa30000,0x00007fb41ab31000)]
  0x00007fb3f40cd800 JavaThread "Timer-0" [_thread_blocked, id=167, stack(0x00007fb41a454000,0x00007fb41a555000)]
  0x00007fb448182800 JavaThread "Thread-4" [_thread_in_vm, id=214, stack(0x00007fb41a353000,0x00007fb41a454000)]
  0x00007fb3fc002800 JavaThread "Timer-1" [_thread_blocked, id=220, stack(0x00007fb41a252000,0x00007fb41a353000)]
  0x00007fb448184000 JavaThread "Thread-7" [_thread_in_Java, id=273, stack(0x00007fb41a151000,0x00007fb41a252000)]
  0x00007fb404026000 JavaThread "Timer-2" [_thread_blocked, id=279, stack(0x00007fb41a050000,0x00007fb41a151000)]
  0x00007fb4481f2800 JavaThread "Thread-10" [_thread_blocked, id=357, stack(0x00007fb419d4b000,0x00007fb419e4c000)]
  0x00007fb41003e800 JavaThread "Timer-3" [_thread_blocked, id=363, stack(0x00007fb419c4a000,0x00007fb419d4b000)]
=>0x00007fb4481f4000 JavaThread "Thread-13" [_thread_in_native, id=421, stack(0x00007fb419b49000,0x00007fb419c4a000)]
  0x00007fb42003e800 JavaThread "Timer-4" [_thread_blocked, id=427, stack(0x00007fb419a48000,0x00007fb419b49000)]

Other Threads:
  0x00007fb4480dc800 VMThread "VM Thread" [stack: 0x00007fb41b700000,0x00007fb41b800000] [id=110] _threads_hazard_ptr=0x00007fb4200074e0
  0x00007fb44821f800 WatcherThread [stack: 0x00007fb41ab33000,0x00007fb41ac33000] [id=120]
  0x00007fb44802d000 GCTaskThread "GC Thread#0" [stack: 0x00007fb44c083000,0x00007fb44c183000] [id=101]
  0x00007fb410001000 GCTaskThread "GC Thread#1" [stack: 0x00007fb419f50000,0x00007fb41a050000] [id=302]
  0x00007fb448045800 ConcurrentGCThread "G1 Main Marker" [stack: 0x00007fb430103000,0x00007fb430203000] [id=102]
  0x00007fb448047000 ConcurrentGCThread "G1 Conc#0" [stack: 0x00007fb42a470000,0x00007fb42a570000] [id=103]
  0x00007fb44807c000 ConcurrentGCThread "G1 Refine#0" [stack: 0x00007fb42826d000,0x00007fb42836d000] [id=104]
  0x00007fb420001000 ConcurrentGCThread "G1 Refine#1" [stack: 0x00007fb419e4e000,0x00007fb419f4e000] [id=305]
  0x00007fb44807d800 ConcurrentGCThread "G1 Young RemSet Sampling" [stack: 0x00007fb42816b000,0x00007fb42826b000] [id=105]

Threads with active compile tasks:
C2 CompilerThread0 507477  785       4       java.lang.StringBuilder::append (8 bytes)

VM state:synchronizing (normal execution)

VM Mutex/Monitor currently owned by a thread:  ([mutex/lock_event])
[0x00007fb448012df0] Safepoint_lock - owner thread: 0x00007fb4480dc800
[0x00007fb448012e80] Threads_lock - owner thread: 0x00007fb4480dc800

Heap address: 0x00000000cae00000, size: 850 MB, Compressed Oops mode: 32-bit
Narrow klass base: 0x0000000000000000, Narrow klass shift: 3
Compressed class space size: 1073741824 Address: 0x0000000100000000

Heap:
 garbage-first heap   total 55296K, used 2149K [0x00000000cae00000, 0x0000000100000000)
  region size 1024K, 2 young (2048K), 1 survivors (1024K)
 Metaspace       used 10641K, capacity 10861K, committed 11136K, reserved 1058816K
  class space    used 995K, capacity 1112K, committed 1152K, reserved 1048576K
Heap Regions: E=young(eden), S=young(survivor), O=old, HS=humongous(starts), HC=humongous(continues), CS=collection set, F=free, A=archive, TAMS=top-at-mark-start (previous, next)
|   0|0x00000000cae00000, 0x00000000caf00000, 0x00000000caf00000|100%| O|  |TAMS 0x00000000cae00000, 0x00000000cae00000| Untracked 
|   1|0x00000000caf00000, 0x00000000caf19600, 0x00000000cb000000|  9%| O|  |TAMS 0x00000000caf00000, 0x00000000caf00000| Untracked 
|   2|0x00000000cb000000, 0x00000000cb000000, 0x00000000cb100000|  0%| F|  |TAMS 0x00000000cb000000, 0x00000000cb000000| Untracked 
|   3|0x00000000cb100000, 0x00000000cb100000, 0x00000000cb200000|  0%| F|  |TAMS 0x00000000cb100000, 0x00000000cb100000| Untracked 
|   4|0x00000000cb200000, 0x00000000cb200000, 0x00000000cb300000|  0%| F|  |TAMS 0x00000000cb200000, 0x00000000cb200000| Untracked 
|   5|0x00000000cb300000, 0x00000000cb300000, 0x00000000cb400000|  0%| F|  |TAMS 0x00000000cb300000, 0x00000000cb300000| Untracked 
|   6|0x00000000cb400000, 0x00000000cb400000, 0x00000000cb500000|  0%| F|  |TAMS 0x00000000cb400000, 0x00000000cb400000| Untracked 
|   7|0x00000000cb500000, 0x00000000cb500000, 0x00000000cb600000|  0%| F|  |TAMS 0x00000000cb500000, 0x00000000cb500000| Untracked 
|   8|0x00000000cb600000, 0x00000000cb600000, 0x00000000cb700000|  0%| F|  |TAMS 0x00000000cb600000, 0x00000000cb600000| Untracked 
|   9|0x00000000cb700000, 0x00000000cb700000, 0x00000000cb800000|  0%| F|  |TAMS 0x00000000cb700000, 0x00000000cb700000| Untracked 
|  10|0x00000000cb800000, 0x00000000cb800000, 0x00000000cb900000|  0%| F|  |TAMS 0x00000000cb800000, 0x00000000cb800000| Untracked 
|  11|0x00000000cb900000, 0x00000000cb900000, 0x00000000cba00000|  0%| F|  |TAMS 0x00000000cb900000, 0x00000000cb900000| Untracked 
|  12|0x00000000cba00000, 0x00000000cba00000, 0x00000000cbb00000|  0%| F|  |TAMS 0x00000000cba00000, 0x00000000cba00000| Untracked 
|  13|0x00000000cbb00000, 0x00000000cbb00000, 0x00000000cbc00000|  0%| F|  |TAMS 0x00000000cbb00000, 0x00000000cbb00000| Untracked 
|  14|0x00000000cbc00000, 0x00000000cbc00000, 0x00000000cbd00000|  0%| F|  |TAMS 0x00000000cbc00000, 0x00000000cbc00000| Untracked 
|  15|0x00000000cbd00000, 0x00000000cbd00000, 0x00000000cbe00000|  0%| F|  |TAMS 0x00000000cbd00000, 0x00000000cbd00000| Untracked 
|  16|0x00000000cbe00000, 0x00000000cbe00000, 0x00000000cbf00000|  0%| F|  |TAMS 0x00000000cbe00000, 0x00000000cbe00000| Untracked 
|  17|0x00000000cbf00000, 0x00000000cbf00000, 0x00000000cc000000|  0%| F|  |TAMS 0x00000000cbf00000, 0x00000000cbf00000| Untracked 
|  18|0x00000000cc000000, 0x00000000cc000000, 0x00000000cc100000|  0%| F|  |TAMS 0x00000000cc000000, 0x00000000cc000000| Untracked 
|  19|0x00000000cc100000, 0x00000000cc100000, 0x00000000cc200000|  0%| F|  |TAMS 0x00000000cc100000, 0x00000000cc100000| Untracked 
|  20|0x00000000cc200000, 0x00000000cc200000, 0x00000000cc300000|  0%| F|  |TAMS 0x00000000cc200000, 0x00000000cc200000| Untracked 
|  21|0x00000000cc300000, 0x00000000cc300000, 0x00000000cc400000|  0%| F|  |TAMS 0x00000000cc300000, 0x00000000cc300000| Untracked 
|  22|0x00000000cc400000, 0x00000000cc400000, 0x00000000cc500000|  0%| F|  |TAMS 0x00000000cc400000, 0x00000000cc400000| Untracked 
|  23|0x00000000cc500000, 0x00000000cc500000, 0x00000000cc600000|  0%| F|  |TAMS 0x00000000cc500000, 0x00000000cc500000| Untracked 
|  24|0x00000000cc600000, 0x00000000cc600000, 0x00000000cc700000|  0%| F|  |TAMS 0x00000000cc600000, 0x00000000cc600000| Untracked 
|  25|0x00000000cc700000, 0x00000000cc700000, 0x00000000cc800000|  0%| F|  |TAMS 0x00000000cc700000, 0x00000000cc700000| Untracked 
|  26|0x00000000cc800000, 0x00000000cc800000, 0x00000000cc900000|  0%| F|  |TAMS 0x00000000cc800000, 0x00000000cc800000| Untracked 
|  27|0x00000000cc900000, 0x00000000cc900000, 0x00000000cca00000|  0%| F|  |TAMS 0x00000000cc900000, 0x00000000cc900000| Untracked 
|  28|0x00000000cca00000, 0x00000000cca00000, 0x00000000ccb00000|  0%| F|  |TAMS 0x00000000cca00000, 0x00000000cca00000| Untracked 
|  29|0x00000000ccb00000, 0x00000000ccb00000, 0x00000000ccc00000|  0%| F|  |TAMS 0x00000000ccb00000, 0x00000000ccb00000| Untracked 
|  30|0x00000000ccc00000, 0x00000000ccc00000, 0x00000000ccd00000|  0%| F|  |TAMS 0x00000000ccc00000, 0x00000000ccc00000| Untracked 
|  31|0x00000000ccd00000, 0x00000000ccd00000, 0x00000000cce00000|  0%| F|  |TAMS 0x00000000ccd00000, 0x00000000ccd00000| Untracked 
|  32|0x00000000cce00000, 0x00000000cce00000, 0x00000000ccf00000|  0%| F|  |TAMS 0x00000000cce00000, 0x00000000cce00000| Untracked 
|  33|0x00000000ccf00000, 0x00000000ccf00000, 0x00000000cd000000|  0%| F|  |TAMS 0x00000000ccf00000, 0x00000000ccf00000| Untracked 
|  34|0x00000000cd000000, 0x00000000cd000000, 0x00000000cd100000|  0%| F|  |TAMS 0x00000000cd000000, 0x00000000cd000000| Untracked 
|  35|0x00000000cd100000, 0x00000000cd100000, 0x00000000cd200000|  0%| F|  |TAMS 0x00000000cd100000, 0x00000000cd100000| Untracked 
|  36|0x00000000cd200000, 0x00000000cd200000, 0x00000000cd300000|  0%| F|  |TAMS 0x00000000cd200000, 0x00000000cd200000| Untracked 
|  37|0x00000000cd300000, 0x00000000cd300000, 0x00000000cd400000|  0%| F|  |TAMS 0x00000000cd300000, 0x00000000cd300000| Untracked 
|  38|0x00000000cd400000, 0x00000000cd400000, 0x00000000cd500000|  0%| F|  |TAMS 0x00000000cd400000, 0x00000000cd400000| Untracked 
|  39|0x00000000cd500000, 0x00000000cd500000, 0x00000000cd600000|  0%| F|  |TAMS 0x00000000cd500000, 0x00000000cd500000| Untracked 
|  40|0x00000000cd600000, 0x00000000cd600000, 0x00000000cd700000|  0%| F|  |TAMS 0x00000000cd600000, 0x00000000cd600000| Untracked 
|  41|0x00000000cd700000, 0x00000000cd700000, 0x00000000cd800000|  0%| F|  |TAMS 0x00000000cd700000, 0x00000000cd700000| Untracked 
|  42|0x00000000cd800000, 0x00000000cd800000, 0x00000000cd900000|  0%| F|  |TAMS 0x00000000cd800000, 0x00000000cd800000| Untracked 
|  43|0x00000000cd900000, 0x00000000cd900000, 0x00000000cda00000|  0%| F|  |TAMS 0x00000000cd900000, 0x00000000cd900000| Untracked 
|  44|0x00000000cda00000, 0x00000000cda00000, 0x00000000cdb00000|  0%| F|  |TAMS 0x00000000cda00000, 0x00000000cda00000| Untracked 
|  45|0x00000000cdb00000, 0x00000000cdb00000, 0x00000000cdc00000|  0%| F|  |TAMS 0x00000000cdb00000, 0x00000000cdb00000| Untracked 
|  46|0x00000000cdc00000, 0x00000000cdd00000, 0x00000000cdd00000|100%| S|CS|TAMS 0x00000000cdc00000, 0x00000000cdc00000| Complete 
|  47|0x00000000cdd00000, 0x00000000cdd00000, 0x00000000cde00000|  0%| F|  |TAMS 0x00000000cdd00000, 0x00000000cdd00000| Untracked 
|  48|0x00000000cde00000, 0x00000000cde00000, 0x00000000cdf00000|  0%| F|  |TAMS 0x00000000cde00000, 0x00000000cde00000| Untracked 
|  49|0x00000000cdf00000, 0x00000000cdf00000, 0x00000000ce000000|  0%| F|  |TAMS 0x00000000cdf00000, 0x00000000cdf00000| Untracked 
|  50|0x00000000ce000000, 0x00000000ce000000, 0x00000000ce100000|  0%| F|  |TAMS 0x00000000ce000000, 0x00000000ce000000| Untracked 
|  51|0x00000000ce100000, 0x00000000ce100000, 0x00000000ce200000|  0%| F|  |TAMS 0x00000000ce100000, 0x00000000ce100000| Untracked 
|  52|0x00000000ce200000, 0x00000000ce200000, 0x00000000ce300000|  0%| F|  |TAMS 0x00000000ce200000, 0x00000000ce200000| Untracked 
|  53|0x00000000ce300000, 0x00000000ce3c8fa0, 0x00000000ce400000| 78%| E|  |TAMS 0x00000000ce300000, 0x00000000ce300000| Complete 

Card table byte_map: [0x00007fb4303ac000,0x00007fb430555000] _byte_map_base: 0x00007fb42fd55000

Marking Bits (Prev, Next): (CMBitMap*) 0x00007fb4480410d8, (CMBitMap*) 0x00007fb448041110
 Prev Bits: [0x00007fb42b2b8000, 0x00007fb42c000000)
 Next Bits: [0x00007fb42a570000, 0x00007fb42b2b8000)

Polling page: 0x00007fb44dd20000

Metaspace:

Usage:
  Non-class:      9,52 MB capacity,     9,42 MB ( 99%) used,    86,27 KB ( <1%) free+waste,    16,81 KB ( <1%) overhead. 
      Class:      1,09 MB capacity,   995,95 KB ( 90%) used,   108,05 KB ( 10%) free+waste,     8,00 KB ( <1%) overhead. 
       Both:     10,61 MB capacity,    10,39 MB ( 98%) used,   194,31 KB (  2%) free+waste,    24,81 KB ( <1%) overhead. 

Virtual space:
  Non-class space:       10,00 MB reserved,       9,75 MB ( 98%) committed 
      Class space:        1,00 GB reserved,       1,12 MB ( <1%) committed 
             Both:        1,01 GB reserved,      10,88 MB (  1%) committed 

Chunk freelists:
   Non-Class:  43,00 KB
       Class:  8,00 KB
        Both:  51,00 KB

MaxMetaspaceSize: unlimited
CompressedClassSpaceSize: 1,00 GB

CodeHeap 'non-profiled nmethods': size=120036Kb used=423Kb max_used=491Kb free=119612Kb
 bounds [0x00007fb4383c7000, 0x00007fb438637000, 0x00007fb43f900000]
CodeHeap 'profiled nmethods': size=120032Kb used=1121Kb max_used=1974Kb free=118910Kb
 bounds [0x00007fb430e8f000, 0x00007fb4310ff000, 0x00007fb4383c7000]
CodeHeap 'non-nmethods': size=5692Kb used=1053Kb max_used=1151Kb free=4638Kb
 bounds [0x00007fb430900000, 0x00007fb430b70000, 0x00007fb430e8f000]
 total_blobs=1104 nmethods=726 adapters=292
 compilation: enabled
              stopped_count=0, restarted_count=0
 full_count=0

Compilation events (20 events):
Event: 499,364 Thread 0x00007fb44812a800  766       3       java.io.File::isInvalid (48 bytes)
Event: 499,366 Thread 0x00007fb44812a800 nmethod 766 0x00007fb430f15e10 code [0x00007fb430f16000, 0x00007fb430f164d0]
Event: 499,386 Thread 0x00007fb44812a800  767   !   3       java.io.PrintStream::println (24 bytes)
Event: 499,387 Thread 0x00007fb44812a800 nmethod 767 0x00007fb430f15590 code [0x00007fb430f15780, 0x00007fb430f15bf0]
Event: 499,388 Thread 0x00007fb44812a800  768       3       org.sqlite.core.CoreResultSet::markCol (20 bytes)
Event: 499,389 Thread 0x00007fb44812a800 nmethod 768 0x00007fb430eddf10 code [0x00007fb430ede0e0, 0x00007fb430ede490]
Event: 499,390 Thread 0x00007fb44812a800  769       3       org.sqlite.core.CoreResultSet::checkCol (81 bytes)
Event: 499,393 Thread 0x00007fb44812a800 nmethod 769 0x00007fb430f14290 code [0x00007fb430f14560, 0x00007fb430f15130]
Event: 507,059 Thread 0x00007fb448128800  770       4       java.lang.CharacterDataLatin1::toUpperCaseEx (71 bytes)
Event: 507,062 Thread 0x00007fb448128800 nmethod 770 0x00007fb438403590 code [0x00007fb438403720, 0x00007fb4384037f8]
Event: 507,062 Thread 0x00007fb44812a800  771       3       java.io.UnixFileSystem::prefixLength (25 bytes)
Event: 507,064 Thread 0x00007fb44812a800 nmethod 771 0x00007fb430f13790 code [0x00007fb430f139c0, 0x00007fb430f14050]
Event: 507,065 Thread 0x00007fb44812a800  772   !   3       org.sqlite.SQLiteConfig::apply (411 bytes)
Event: 507,150 Thread 0x00007fb448128800  777       4       java.lang.AbstractStringBuilder::append (45 bytes)
Event: 507,257 Thread 0x00007fb44812a800 nmethod 772 0x00007fb430f0b610 code [0x00007fb430f0bea0, 0x00007fb430f11420]
Event: 507,257 Thread 0x00007fb44812a800  780       3       sun.nio.cs.StreamEncoder::writeBytes (132 bytes)
Event: 507,305 Thread 0x00007fb44812a800 nmethod 780 0x00007fb430f0a690 code [0x00007fb430f0a900, 0x00007fb430f0b2d0]
Event: 507,305 Thread 0x00007fb44812a800  781   !   3       java.io.PrintStream::write (69 bytes)
Event: 507,307 Thread 0x00007fb44812a800 nmethod 781 0x00007fb430f09a10 code [0x00007fb430f09c40, 0x00007fb430f0a370]
Event: 507,307 Thread 0x00007fb44812a800  782  s    3       java.io.BufferedOutputStream::write (67 bytes)

GC Heap History (2 events):
Event: 323,277 GC heap before
{Heap before GC invocations=0 (full 0):
 garbage-first heap   total 55296K, used 7168K [0x00000000cae00000, 0x0000000100000000)
  region size 1024K, 7 young (7168K), 0 survivors (0K)
 Metaspace       used 10576K, capacity 10796K, committed 10880K, reserved 1058816K
  class space    used 995K, capacity 1112K, committed 1152K, reserved 1048576K
}
Event: 323,367 GC heap after
{Heap after GC invocations=1 (full 0):
 garbage-first heap   total 55296K, used 2149K [0x00000000cae00000, 0x0000000100000000)
  region size 1024K, 1 young (1024K), 1 survivors (1024K)
 Metaspace       used 10576K, capacity 10796K, committed 10880K, reserved 1058816K
  class space    used 995K, capacity 1112K, committed 1152K, reserved 1048576K
}

Deoptimization events (20 events):
Event: 70,164 Thread 0x00007fb448236800 Uncommon trap: trap_request=0xffffff4d fr.pc=0x00007fb4383cce2c relative=0x000000000000006c
Event: 70,164 Thread 0x00007fb448236800 Uncommon trap: reason=unstable_if action=reinterpret pc=0x00007fb4383cce2c method=java.lang.String.isLatin1()Z @ 10 c2
Event: 70,164 Thread 0x00007fb448236800 DEOPT PACKING pc=0x00007fb4383cce2c sp=0x00007fb41ab2eee0
Event: 70,164 Thread 0x00007fb448236800 DEOPT UNPACKING pc=0x00007fb430925f25 sp=0x00007fb41ab2ee40 mode 2
Event: 70,529 Thread 0x00007fb448236800 DEOPT PACKING pc=0x00007fb430fd46d3 sp=0x00007fb41ab2f130
Event: 70,529 Thread 0x00007fb448236800 DEOPT UNPACKING pc=0x00007fb430925d3a sp=0x00007fb41ab2e658 mode 0
Event: 70,627 Thread 0x00007fb448236800 Uncommon trap: trap_request=0xffffff4d fr.pc=0x00007fb4383eea20 relative=0x0000000000000740
Event: 70,627 Thread 0x00007fb448236800 Uncommon trap: reason=unstable_if action=reinterpret pc=0x00007fb4383eea20 method=org.sqlite.SQLiteJDBCLoader.contentsEquals(Ljava/io/InputStream;Ljava/io/InputStream;)Z @ 39 c2
Event: 70,627 Thread 0x00007fb448236800 DEOPT PACKING pc=0x00007fb4383eea20 sp=0x00007fb41ab2f190
Event: 70,627 Thread 0x00007fb448236800 DEOPT UNPACKING pc=0x00007fb430925f25 sp=0x00007fb41ab2f158 mode 2
Event: 80,906 Thread 0x00007fb448236800 DEOPT PACKING pc=0x00007fb43100300b sp=0x00007fb41ab2f320
Event: 80,906 Thread 0x00007fb448236800 DEOPT UNPACKING pc=0x00007fb430925d3a sp=0x00007fb41ab2ee00 mode 0
Event: 86,181 Thread 0x00007fb448236800 Uncommon trap: trap_request=0xffffffa5 fr.pc=0x00007fb4383f6988 relative=0x00000000000048e8
Event: 86,181 Thread 0x00007fb448236800 Uncommon trap: reason=unreached action=reinterpret pc=0x00007fb4383f6988 method=AllInUsServer.ClientHandler.run()V @ 2165 c2
Event: 86,181 Thread 0x00007fb448236800 DEOPT PACKING pc=0x00007fb4383f6988 sp=0x00007fb41ab2f930
Event: 86,181 Thread 0x00007fb448236800 DEOPT UNPACKING pc=0x00007fb430925f25 sp=0x00007fb41ab2f910 mode 2
Event: 97,486 Thread 0x00007fb448236800 DEOPT PACKING pc=0x00007fb43103f5ab sp=0x00007fb41ab2f320
Event: 97,486 Thread 0x00007fb448236800 DEOPT UNPACKING pc=0x00007fb430925d3a sp=0x00007fb41ab2ee00 mode 0
Event: 149,044 Thread 0x00007fb448182800 DEOPT PACKING pc=0x00007fb430f40dc3 sp=0x00007fb41a452330
Event: 149,044 Thread 0x00007fb448182800 DEOPT UNPACKING pc=0x00007fb430925d3a sp=0x00007fb41a451e00 mode 0

Classes redefined (0 events):
No events

Internal exceptions (8 events):
Event: 1,036 Thread 0x00007fb448016000 Exception <a 'java/lang/NoSuchMethodError'{0x00000000ce3c50b0}: 'int java.lang.invoke.DirectMethodHandle$Holder.invokeSpecial(java.lang.Object, java.lang.Object, java.lang.Object, java.lang.Object)'> (0x00000000ce3c50b0) thrown at [src/hotspot/share/interpreter/linkResolver.cpp, line 772]
Event: 1,090 Thread 0x00007fb448016000 Exception <a 'java/lang/NoSuchMethodError'{0x00000000ce3d6ba8}: 'void java.lang.invoke.DirectMethodHandle$Holder.invokeVirtual(java.lang.Object, java.lang.Object)'> (0x00000000ce3d6ba8) thrown at [src/hotspot/share/interpreter/linkResolver.cpp, line 772]
Event: 1,393 Thread 0x00007fb448016000 Exception <a 'java/lang/NoSuchMethodError'{0x00000000ce23b830}: 'int java.lang.invoke.DirectMethodHandle$Holder.invokeSpecialIFC(java.lang.Object, java.lang.Object, int)'> (0x00000000ce23b830) thrown at [src/hotspot/share/interpreter/linkResolver.cpp, line 772]
Event: 1,662 Thread 0x00007fb448016000 Exception <a 'java/lang/NoSuchMethodError'{0x00000000ce29ef38}: 'void java.lang.invoke.DirectMethodHandle$Holder.invokeSpecial(java.lang.Object, java.lang.Object, java.lang.Object, java.lang.Object, java.lang.Object)'> (0x00000000ce29ef38) thrown at [src/hotspot/share/interpreter/linkResolver.cpp, line 772]
Event: 1,705 Thread 0x00007fb448016000 Exception <a 'java/lang/IncompatibleClassChangeError'{0x00000000ce2ade30}: Found class java.lang.Object, but interface was expected> (0x00000000ce2ade30) thrown at [src/hotspot/share/interpreter/linkResolver.cpp, line 839]
Event: 1,715 Thread 0x00007fb448016000 Exception <a 'java/lang/NoSuchMethodError'{0x00000000ce2b0b10}: 'void java.lang.invoke.DirectMethodHandle$Holder.invokeStatic(java.lang.Object, java.lang.Object, java.lang.Object, java.lang.Object)'> (0x00000000ce2b0b10) thrown at [src/hotspot/share/interpreter/linkResolver.cpp, line 772]
Event: 1,954 Thread 0x00007fb448016000 Exception <a 'java/lang/ClassNotFoundException'{0x00000000ce11ee60}: jdk/net/ExtendedSocketOptions> (0x00000000ce11ee60) thrown at [src/hotspot/share/classfile/systemDictionary.cpp, line 231]
Event: 69,173 Thread 0x00007fb448236800 Exception <a 'sun/nio/fs/UnixException'{0x00000000ce1fbcf0}> (0x00000000ce1fbcf0) thrown at [src/hotspot/share/prims/jni.cpp, line 615]

Events (20 events):
Event: 507,090 Executing VM operation: RevokeBias
Event: 507,091 Executing VM operation: RevokeBias done
Event: 507,094 Executing VM operation: RevokeBias
Event: 507,094 Executing VM operation: RevokeBias done
Event: 507,112 Executing VM operation: RevokeBias
Event: 507,112 Executing VM operation: RevokeBias done
Event: 507,123 Executing VM operation: RevokeBias
Event: 507,131 Executing VM operation: RevokeBias done
Event: 507,173 Executing VM operation: RevokeBias
Event: 507,178 Executing VM operation: RevokeBias done
Event: 507,196 Executing VM operation: RevokeBias
Event: 507,197 Executing VM operation: RevokeBias done
Event: 507,204 Executing VM operation: RevokeBias
Event: 507,205 Executing VM operation: RevokeBias done
Event: 507,250 Executing VM operation: RevokeBias
Event: 507,251 Executing VM operation: RevokeBias done
Event: 507,265 Executing VM operation: RevokeBias
Event: 507,293 Executing VM operation: RevokeBias done
Event: 507,296 Executing VM operation: RevokeBias
Event: 507,296 Executing VM operation: RevokeBias done


Dynamic libraries:
cae00000-ce400000 rw-p 00000000 00:00 0 
ce400000-100000000 ---p 00000000 00:00 0 
100000000-100120000 rw-p 00000000 00:00 0 
100120000-140000000 ---p 00000000 00:00 0 
5628442c6000-5628442c7000 r--p 00000000 08:02 33554542                   /app/openjdk-11/bin/java
5628442c7000-5628442c8000 r-xp 00001000 08:02 33554542                   /app/openjdk-11/bin/java
5628442c8000-5628442c9000 r--p 00002000 08:02 33554542                   /app/openjdk-11/bin/java
5628442c9000-5628442ca000 r--p 00002000 08:02 33554542                   /app/openjdk-11/bin/java
5628442ca000-5628442cb000 rw-p 00003000 08:02 33554542                   /app/openjdk-11/bin/java
562845752000-562845773000 rw-p 00000000 00:00 0                          [heap]
7fb3f0000000-7fb3f0021000 rw-p 00000000 00:00 0 
7fb3f0021000-7fb3f4000000 ---p 00000000 00:00 0 
7fb3f4000000-7fb3f4205000 rw-p 00000000 00:00 0 
7fb3f4205000-7fb3f8000000 ---p 00000000 00:00 0 
7fb3f8000000-7fb3f9347000 rw-p 00000000 00:00 0 
7fb3f9347000-7fb3fc000000 ---p 00000000 00:00 0 
7fb3fc000000-7fb3fc178000 rw-p 00000000 00:00 0 
7fb3fc178000-7fb400000000 ---p 00000000 00:00 0 
7fb400000000-7fb400021000 rw-p 00000000 00:00 0 
7fb400021000-7fb404000000 ---p 00000000 00:00 0 
7fb404000000-7fb407ffa000 rw-p 00000000 00:00 0 
7fb407ffa000-7fb408000000 ---p 00000000 00:00 0 
7fb408000000-7fb408021000 rw-p 00000000 00:00 0 
7fb408021000-7fb40c000000 ---p 00000000 00:00 0 
7fb40c000000-7fb40c021000 rw-p 00000000 00:00 0 
7fb40c021000-7fb410000000 ---p 00000000 00:00 0 
7fb410000000-7fb410173000 rw-p 00000000 00:00 0 
7fb410173000-7fb414000000 ---p 00000000 00:00 0 
7fb414000000-7fb414021000 rw-p 00000000 00:00 0 
7fb414021000-7fb418000000 ---p 00000000 00:00 0 
7fb419a48000-7fb419a4c000 ---p 00000000 00:00 0 
7fb419a4c000-7fb419b49000 rw-p 00000000 00:00 0 
7fb419b49000-7fb419b4d000 ---p 00000000 00:00 0 
7fb419b4d000-7fb419c4a000 rw-p 00000000 00:00 0 
7fb419c4a000-7fb419c4e000 ---p 00000000 00:00 0 
7fb419c4e000-7fb419d4b000 rw-p 00000000 00:00 0 
7fb419d4b000-7fb419d4f000 ---p 00000000 00:00 0 
7fb419d4f000-7fb419e4c000 rw-p 00000000 00:00 0 
7fb419e4c000-7fb419e4d000 ---p 00000000 00:00 0 
7fb419e4d000-7fb419f4e000 rw-p 00000000 00:00 0 
7fb419f4e000-7fb419f4f000 ---p 00000000 00:00 0 
7fb419f4f000-7fb41a050000 rw-p 00000000 00:00 0 
7fb41a050000-7fb41a054000 ---p 00000000 00:00 0 
7fb41a054000-7fb41a151000 rw-p 00000000 00:00 0 
7fb41a151000-7fb41a155000 ---p 00000000 00:00 0 
7fb41a155000-7fb41a252000 rw-p 00000000 00:00 0 
7fb41a252000-7fb41a256000 ---p 00000000 00:00 0 
7fb41a256000-7fb41a353000 rw-p 00000000 00:00 0 
7fb41a353000-7fb41a357000 ---p 00000000 00:00 0 
7fb41a357000-7fb41a454000 rw-p 00000000 00:00 0 
7fb41a454000-7fb41a458000 ---p 00000000 00:00 0 
7fb41a458000-7fb41a555000 rw-p 00000000 00:00 0 
7fb41a555000-7fb41a62a000 r-xp 00000000 00:38 132                        /tmp/sqlite-3.30.1-40636a14-483e-45e2-abc9-9bf65024f359-libsqlitejdbc.so
7fb41a62a000-7fb41a829000 ---p 000d5000 00:38 132                        /tmp/sqlite-3.30.1-40636a14-483e-45e2-abc9-9bf65024f359-libsqlitejdbc.so
7fb41a829000-7fb41a830000 rw-p 000d4000 00:38 132                        /tmp/sqlite-3.30.1-40636a14-483e-45e2-abc9-9bf65024f359-libsqlitejdbc.so
7fb41a830000-7fb41a9f0000 rw-p 00000000 00:00 0 
7fb41a9f0000-7fb41aa30000 ---p 00000000 00:00 0 
7fb41aa30000-7fb41aa34000 ---p 00000000 00:00 0 
7fb41aa34000-7fb41ab31000 rw-p 00000000 00:00 0 
7fb41ab31000-7fb41ab32000 ---p 00000000 00:00 0 
7fb41ab32000-7fb41ac33000 rw-p 00000000 00:00 0 
7fb41ac33000-7fb41ac37000 ---p 00000000 00:00 0 
7fb41ac37000-7fb41ad34000 rw-p 00000000 00:00 0 
7fb41ad34000-7fb41ad38000 ---p 00000000 00:00 0 
7fb41ad38000-7fb41ae66000 rw-p 00000000 00:00 0 
7fb41ae66000-7fb41ae6a000 r--p 00000000 08:02 33573388                   /app/openjdk-11/lib/libnet.so
7fb41ae6a000-7fb41ae7a000 r-xp 00004000 08:02 33573388                   /app/openjdk-11/lib/libnet.so
7fb41ae7a000-7fb41ae7e000 r--p 00014000 08:02 33573388                   /app/openjdk-11/lib/libnet.so
7fb41ae7e000-7fb41ae7f000 r--p 00017000 08:02 33573388                   /app/openjdk-11/lib/libnet.so
7fb41ae7f000-7fb41ae80000 rw-p 00018000 08:02 33573388                   /app/openjdk-11/lib/libnet.so
7fb41ae80000-7fb41ae84000 ---p 00000000 00:00 0 
7fb41ae84000-7fb41af81000 rw-p 00000000 00:00 0 
7fb41af81000-7fb41af85000 ---p 00000000 00:00 0 
7fb41af85000-7fb41b082000 rw-p 00000000 00:00 0 
7fb41b082000-7fb41b086000 ---p 00000000 00:00 0 
7fb41b086000-7fb41b183000 rw-p 00000000 00:00 0 
7fb41b183000-7fb41b187000 ---p 00000000 00:00 0 
7fb41b187000-7fb41b284000 rw-p 00000000 00:00 0 
7fb41b284000-7fb41b4fc000 r--p 00000000 08:02 31589560                   /usr/share/runtime/locale/fr/lib/fr_FR.utf8/LC_COLLATE
7fb41b4fc000-7fb41b500000 ---p 00000000 00:00 0 
7fb41b500000-7fb41b5fd000 rw-p 00000000 00:00 0 
7fb41b5fd000-7fb41b601000 ---p 00000000 00:00 0 
7fb41b601000-7fb41b6fe000 rw-p 00000000 00:00 0 
7fb41b6fe000-7fb41b6ff000 ---p 00000000 00:00 0 
7fb41b6ff000-7fb41c000000 rw-p 00000000 00:00 0 
7fb41c000000-7fb41c021000 rw-p 00000000 00:00 0 
7fb41c021000-7fb420000000 ---p 00000000 00:00 0 
7fb420000000-7fb4200f0000 rw-p 00000000 00:00 0 
7fb4200f0000-7fb424000000 ---p 00000000 00:00 0 
7fb424000000-7fb424021000 rw-p 00000000 00:00 0 
7fb424021000-7fb428000000 ---p 00000000 00:00 0 
7fb428011000-7fb428065000 r--p 00000000 08:02 32514565                   /usr/share/runtime/locale/fr/lib/fr_FR.utf8/LC_CTYPE
7fb428065000-7fb428169000 rw-p 00000000 00:00 0 
7fb428169000-7fb42816a000 ---p 00000000 00:00 0 
7fb42816a000-7fb42826b000 rw-p 00000000 00:00 0 
7fb42826b000-7fb42826c000 ---p 00000000 00:00 0 
7fb42826c000-7fb42a46e000 rw-p 00000000 00:00 0 
7fb42a46e000-7fb42a46f000 ---p 00000000 00:00 0 
7fb42a46f000-7fb42a648000 rw-p 00000000 00:00 0 
7fb42a648000-7fb42b2b8000 ---p 00000000 00:00 0 
7fb42b2b8000-7fb42b390000 rw-p 00000000 00:00 0 
7fb42b390000-7fb42c000000 ---p 00000000 00:00 0 
7fb42c000000-7fb42c021000 rw-p 00000000 00:00 0 
7fb42c021000-7fb430000000 ---p 00000000 00:00 0 
7fb430000000-7fb430101000 rw-p 00000000 00:00 0 
7fb430101000-7fb430102000 ---p 00000000 00:00 0 
7fb430102000-7fb43021e000 rw-p 00000000 00:00 0 
7fb43021e000-7fb4303ac000 ---p 00000000 00:00 0 
7fb4303ac000-7fb4303c7000 rw-p 00000000 00:00 0 
7fb4303c7000-7fb430555000 ---p 00000000 00:00 0 
7fb430555000-7fb430570000 rw-p 00000000 00:00 0 
7fb430570000-7fb4306fe000 ---p 00000000 00:00 0 
7fb4306fe000-7fb430900000 rw-p 00000000 00:00 0 
7fb430900000-7fb430b70000 rwxp 00000000 00:00 0 
7fb430b70000-7fb430e8f000 ---p 00000000 00:00 0 
7fb430e8f000-7fb4310ff000 rwxp 00000000 00:00 0 
7fb4310ff000-7fb4383c7000 ---p 00000000 00:00 0 
7fb4383c7000-7fb438637000 rwxp 00000000 00:00 0 
7fb438637000-7fb43f900000 ---p 00000000 00:00 0 
7fb43f900000-7fb448000000 r--s 00000000 08:02 33573407                   /app/openjdk-11/lib/modules
7fb448000000-7fb448274000 rw-p 00000000 00:00 0 
7fb448274000-7fb44c000000 ---p 00000000 00:00 0 
7fb44c008000-7fb44c00f000 r--p 00000000 08:02 33573389                   /app/openjdk-11/lib/libnio.so
7fb44c00f000-7fb44c017000 r-xp 00007000 08:02 33573389                   /app/openjdk-11/lib/libnio.so
7fb44c017000-7fb44c01a000 r--p 0000f000 08:02 33573389                   /app/openjdk-11/lib/libnio.so
7fb44c01a000-7fb44c01b000 r--p 00011000 08:02 33573389                   /app/openjdk-11/lib/libnio.so
7fb44c01b000-7fb44c01c000 rw-p 00012000 08:02 33573389                   /app/openjdk-11/lib/libnio.so
7fb44c01c000-7fb44c01d000 r--p 00000000 08:02 31590041                   /usr/share/runtime/locale/fr/lib/fr_FR.utf8/LC_NUMERIC
7fb44c01d000-7fb44c01e000 r--p 00000000 08:02 32376024                   /usr/share/runtime/locale/fr/lib/fr_FR.utf8/LC_TIME
7fb44c01e000-7fb44c01f000 r--p 00000000 08:02 31590040                   /usr/share/runtime/locale/fr/lib/fr_FR.utf8/LC_MONETARY
7fb44c01f000-7fb44c020000 r--p 00000000 08:02 31594405                   /usr/share/runtime/locale/fr/lib/fr_FR.utf8/LC_MESSAGES/SYS_LC_MESSAGES
7fb44c020000-7fb44c021000 r--p 00000000 08:02 31589566                   /usr/share/runtime/locale/fr/lib/fr_FR.utf8/LC_PAPER
7fb44c021000-7fb44c022000 r--p 00000000 08:02 31589617                   /usr/share/runtime/locale/fr/lib/fr_FR.utf8/LC_NAME
7fb44c022000-7fb44c081000 rw-p 00000000 00:00 0 
7fb44c081000-7fb44c082000 ---p 00000000 00:00 0 
7fb44c082000-7fb44c188000 rw-p 00000000 00:00 0 
7fb44c188000-7fb44c26e000 ---p 00000000 00:00 0 
7fb44c26e000-7fb44c273000 rw-p 00000000 00:00 0 
7fb44c273000-7fb44c359000 ---p 00000000 00:00 0 
7fb44c359000-7fb44c35e000 rw-p 00000000 00:00 0 
7fb44c35e000-7fb44c365000 ---p 00000000 00:00 0 
7fb44c365000-7fb44c367000 r--p 00000000 08:02 33573406                   /app/openjdk-11/lib/libzip.so
7fb44c367000-7fb44c36b000 r-xp 00002000 08:02 33573406                   /app/openjdk-11/lib/libzip.so
7fb44c36b000-7fb44c36d000 r--p 00006000 08:02 33573406                   /app/openjdk-11/lib/libzip.so
7fb44c36d000-7fb44c36e000 r--p 00007000 08:02 33573406                   /app/openjdk-11/lib/libzip.so
7fb44c36e000-7fb44c36f000 rw-p 00008000 08:02 33573406                   /app/openjdk-11/lib/libzip.so
7fb44c36f000-7fb44c372000 r--p 00000000 08:02 32245749                   /usr/lib/x86_64-linux-gnu/libnss_files-2.31.so
7fb44c372000-7fb44c379000 r-xp 00003000 08:02 32245749                   /usr/lib/x86_64-linux-gnu/libnss_files-2.31.so
7fb44c379000-7fb44c37b000 r--p 0000a000 08:02 32245749                   /usr/lib/x86_64-linux-gnu/libnss_files-2.31.so
7fb44c37b000-7fb44c37c000 ---p 0000c000 08:02 32245749                   /usr/lib/x86_64-linux-gnu/libnss_files-2.31.so
7fb44c37c000-7fb44c37d000 r--p 0000c000 08:02 32245749                   /usr/lib/x86_64-linux-gnu/libnss_files-2.31.so
7fb44c37d000-7fb44c37e000 rw-p 0000d000 08:02 32245749                   /usr/lib/x86_64-linux-gnu/libnss_files-2.31.so
7fb44c37e000-7fb44c384000 rw-p 00000000 00:00 0 
7fb44c384000-7fb44c385000 r--p 00000000 08:02 31591223                   /usr/share/runtime/locale/fr/lib/fr_FR.utf8/LC_ADDRESS
7fb44c385000-7fb44c386000 r--p 00000000 08:02 31590042                   /usr/share/runtime/locale/fr/lib/fr_FR.utf8/LC_TELEPHONE
7fb44c386000-7fb44c387000 r--p 00000000 08:02 31589563                   /usr/share/runtime/locale/fr/lib/fr_FR.utf8/LC_MEASUREMENT
7fb44c387000-7fb44c38f000 rw-s 00000000 00:38 129                        /tmp/hsperfdata_pc-nina/99
7fb44c38f000-7fb44c39d000 r--p 00000000 08:02 33573369                   /app/openjdk-11/lib/libjava.so
7fb44c39d000-7fb44c3b3000 r-xp 0000e000 08:02 33573369                   /app/openjdk-11/lib/libjava.so
7fb44c3b3000-7fb44c3b9000 r--p 00024000 08:02 33573369                   /app/openjdk-11/lib/libjava.so
7fb44c3b9000-7fb44c3ba000 ---p 0002a000 08:02 33573369                   /app/openjdk-11/lib/libjava.so
7fb44c3ba000-7fb44c3bb000 r--p 0002a000 08:02 33573369                   /app/openjdk-11/lib/libjava.so
7fb44c3bb000-7fb44c3bc000 rw-p 0002b000 08:02 33573369                   /app/openjdk-11/lib/libjava.so
7fb44c3bc000-7fb44c3bd000 rw-p 00000000 00:00 0 
7fb44c3bd000-7fb44c3c2000 r--p 00000000 08:02 33573405                   /app/openjdk-11/lib/libverify.so
7fb44c3c2000-7fb44c3c9000 r-xp 00005000 08:02 33573405                   /app/openjdk-11/lib/libverify.so
7fb44c3c9000-7fb44c3cb000 r--p 0000c000 08:02 33573405                   /app/openjdk-11/lib/libverify.so
7fb44c3cb000-7fb44c3cc000 ---p 0000e000 08:02 33573405                   /app/openjdk-11/lib/libverify.so
7fb44c3cc000-7fb44c3ce000 r--p 0000e000 08:02 33573405                   /app/openjdk-11/lib/libverify.so
7fb44c3ce000-7fb44c3cf000 rw-p 00010000 08:02 33573405                   /app/openjdk-11/lib/libverify.so
7fb44c3cf000-7fb44c3d1000 r--p 00000000 08:02 32245764                   /usr/lib/x86_64-linux-gnu/librt-2.31.so
7fb44c3d1000-7fb44c3d5000 r-xp 00002000 08:02 32245764                   /usr/lib/x86_64-linux-gnu/librt-2.31.so
7fb44c3d5000-7fb44c3d7000 r--p 00006000 08:02 32245764                   /usr/lib/x86_64-linux-gnu/librt-2.31.so
7fb44c3d7000-7fb44c3d8000 r--p 00007000 08:02 32245764                   /usr/lib/x86_64-linux-gnu/librt-2.31.so
7fb44c3d8000-7fb44c3d9000 rw-p 00008000 08:02 32245764                   /usr/lib/x86_64-linux-gnu/librt-2.31.so
7fb44c3d9000-7fb44c3dd000 ---p 00000000 00:00 0 
7fb44c3dd000-7fb44c4da000 rw-p 00000000 00:00 0 
7fb44c4da000-7fb44c4dd000 r--p 00000000 08:02 51644721                   /usr/lib/x86_64-linux-gnu/libgcc_s.so.1
7fb44c4dd000-7fb44c4ef000 r-xp 00003000 08:02 51644721                   /usr/lib/x86_64-linux-gnu/libgcc_s.so.1
7fb44c4ef000-7fb44c4f3000 r--p 00015000 08:02 51644721                   /usr/lib/x86_64-linux-gnu/libgcc_s.so.1
7fb44c4f3000-7fb44c4f4000 r--p 00018000 08:02 51644721                   /usr/lib/x86_64-linux-gnu/libgcc_s.so.1
7fb44c4f4000-7fb44c4f5000 rw-p 00019000 08:02 51644721                   /usr/lib/x86_64-linux-gnu/libgcc_s.so.1
7fb44c4f5000-7fb44c502000 r--p 00000000 08:02 51644830                   /usr/lib/x86_64-linux-gnu/libm-2.31.so
7fb44c502000-7fb44c5a3000 r-xp 0000d000 08:02 51644830                   /usr/lib/x86_64-linux-gnu/libm-2.31.so
7fb44c5a3000-7fb44c640000 r--p 000ae000 08:02 51644830                   /usr/lib/x86_64-linux-gnu/libm-2.31.so
7fb44c640000-7fb44c641000 r--p 0014a000 08:02 51644830                   /usr/lib/x86_64-linux-gnu/libm-2.31.so
7fb44c641000-7fb44c642000 rw-p 0014b000 08:02 51644830                   /usr/lib/x86_64-linux-gnu/libm-2.31.so
7fb44c642000-7fb44c6e0000 r--p 00000000 08:02 51644931                   /usr/lib/x86_64-linux-gnu/libstdc++.so.6.0.28
7fb44c6e0000-7fb44c7d8000 r-xp 0009e000 08:02 51644931                   /usr/lib/x86_64-linux-gnu/libstdc++.so.6.0.28
7fb44c7d8000-7fb44c828000 r--p 00196000 08:02 51644931                   /usr/lib/x86_64-linux-gnu/libstdc++.so.6.0.28
7fb44c828000-7fb44c829000 ---p 001e6000 08:02 51644931                   /usr/lib/x86_64-linux-gnu/libstdc++.so.6.0.28
7fb44c829000-7fb44c834000 r--p 001e6000 08:02 51644931                   /usr/lib/x86_64-linux-gnu/libstdc++.so.6.0.28
7fb44c834000-7fb44c837000 rw-p 001f1000 08:02 51644931                   /usr/lib/x86_64-linux-gnu/libstdc++.so.6.0.28
7fb44c837000-7fb44c83a000 rw-p 00000000 00:00 0 
7fb44c83a000-7fb44cab4000 r--p 00000000 08:02 33574774                   /app/openjdk-11/lib/server/libjvm.so
7fb44cab4000-7fb44d74f000 r-xp 0027a000 08:02 33574774                   /app/openjdk-11/lib/server/libjvm.so
7fb44d74f000-7fb44d9a9000 r--p 00f15000 08:02 33574774                   /app/openjdk-11/lib/server/libjvm.so
7fb44d9a9000-7fb44da6a000 r--p 0116e000 08:02 33574774                   /app/openjdk-11/lib/server/libjvm.so
7fb44da6a000-7fb44daa5000 rw-p 0122f000 08:02 33574774                   /app/openjdk-11/lib/server/libjvm.so
7fb44daa5000-7fb44dafe000 rw-p 00000000 00:00 0 
7fb44dafe000-7fb44db20000 r--p 00000000 08:02 32245699                   /usr/lib/x86_64-linux-gnu/libc-2.31.so
7fb44db20000-7fb44dc70000 r-xp 00022000 08:02 32245699                   /usr/lib/x86_64-linux-gnu/libc-2.31.so
7fb44dc70000-7fb44dcbe000 r--p 00172000 08:02 32245699                   /usr/lib/x86_64-linux-gnu/libc-2.31.so
7fb44dcbe000-7fb44dcbf000 ---p 001c0000 08:02 32245699                   /usr/lib/x86_64-linux-gnu/libc-2.31.so
7fb44dcbf000-7fb44dcc3000 r--p 001c0000 08:02 32245699                   /usr/lib/x86_64-linux-gnu/libc-2.31.so
7fb44dcc3000-7fb44dcc5000 rw-p 001c4000 08:02 32245699                   /usr/lib/x86_64-linux-gnu/libc-2.31.so
7fb44dcc5000-7fb44dcc9000 rw-p 00000000 00:00 0 
7fb44dcc9000-7fb44dcca000 r--p 00000000 08:02 32245705                   /usr/lib/x86_64-linux-gnu/libdl-2.31.so
7fb44dcca000-7fb44dccc000 r-xp 00001000 08:02 32245705                   /usr/lib/x86_64-linux-gnu/libdl-2.31.so
7fb44dccc000-7fb44dccd000 r--p 00003000 08:02 32245705                   /usr/lib/x86_64-linux-gnu/libdl-2.31.so
7fb44dccd000-7fb44dcce000 r--p 00003000 08:02 32245705                   /usr/lib/x86_64-linux-gnu/libdl-2.31.so
7fb44dcce000-7fb44dccf000 rw-p 00004000 08:02 32245705                   /usr/lib/x86_64-linux-gnu/libdl-2.31.so
7fb44dccf000-7fb44dcd2000 r--p 00000000 08:02 33574770                   /app/openjdk-11/lib/jli/libjli.so
7fb44dcd2000-7fb44dcdc000 r-xp 00003000 08:02 33574770                   /app/openjdk-11/lib/jli/libjli.so
7fb44dcdc000-7fb44dcdf000 r--p 0000d000 08:02 33574770                   /app/openjdk-11/lib/jli/libjli.so
7fb44dcdf000-7fb44dce0000 ---p 00010000 08:02 33574770                   /app/openjdk-11/lib/jli/libjli.so
7fb44dce0000-7fb44dce1000 r--p 00010000 08:02 33574770                   /app/openjdk-11/lib/jli/libjli.so
7fb44dce1000-7fb44dce2000 rw-p 00011000 08:02 33574770                   /app/openjdk-11/lib/jli/libjli.so
7fb44dce2000-7fb44dce8000 r--p 00000000 08:02 32245756                   /usr/lib/x86_64-linux-gnu/libpthread-2.31.so
7fb44dce8000-7fb44dcf8000 r-xp 00006000 08:02 32245756                   /usr/lib/x86_64-linux-gnu/libpthread-2.31.so
7fb44dcf8000-7fb44dcfe000 r--p 00016000 08:02 32245756                   /usr/lib/x86_64-linux-gnu/libpthread-2.31.so
7fb44dcfe000-7fb44dcff000 r--p 0001b000 08:02 32245756                   /usr/lib/x86_64-linux-gnu/libpthread-2.31.so
7fb44dcff000-7fb44dd00000 rw-p 0001c000 08:02 32245756                   /usr/lib/x86_64-linux-gnu/libpthread-2.31.so
7fb44dd00000-7fb44dd04000 rw-p 00000000 00:00 0 
7fb44dd04000-7fb44dd07000 r--p 00000000 08:02 51645021                   /usr/lib/x86_64-linux-gnu/libz.so.1.2.11
7fb44dd07000-7fb44dd15000 r-xp 00003000 08:02 51645021                   /usr/lib/x86_64-linux-gnu/libz.so.1.2.11
7fb44dd15000-7fb44dd1b000 r--p 00011000 08:02 51645021                   /usr/lib/x86_64-linux-gnu/libz.so.1.2.11
7fb44dd1b000-7fb44dd1c000 ---p 00017000 08:02 51645021                   /usr/lib/x86_64-linux-gnu/libz.so.1.2.11
7fb44dd1c000-7fb44dd1d000 r--p 00017000 08:02 51645021                   /usr/lib/x86_64-linux-gnu/libz.so.1.2.11
7fb44dd1d000-7fb44dd1e000 rw-p 00018000 08:02 51645021                   /usr/lib/x86_64-linux-gnu/libz.so.1.2.11
7fb44dd1e000-7fb44dd20000 rw-p 00000000 00:00 0 
7fb44dd20000-7fb44dd21000 ---p 00000000 00:00 0 
7fb44dd21000-7fb44dd22000 r--p 00000000 00:00 0 
7fb44dd22000-7fb44dd24000 r--p 00000000 08:02 33573376                   /app/openjdk-11/lib/libjimage.so
7fb44dd24000-7fb44dd27000 r-xp 00002000 08:02 33573376                   /app/openjdk-11/lib/libjimage.so
7fb44dd27000-7fb44dd29000 r--p 00005000 08:02 33573376                   /app/openjdk-11/lib/libjimage.so
7fb44dd29000-7fb44dd2a000 r--p 00006000 08:02 33573376                   /app/openjdk-11/lib/libjimage.so
7fb44dd2a000-7fb44dd2b000 rw-p 00007000 08:02 33573376                   /app/openjdk-11/lib/libjimage.so
7fb44dd2b000-7fb44dd2c000 r--p 00000000 08:02 32245683                   /usr/lib/x86_64-linux-gnu/ld-2.31.so
7fb44dd2c000-7fb44dd4d000 r-xp 00001000 08:02 32245683                   /usr/lib/x86_64-linux-gnu/ld-2.31.so
7fb44dd4d000-7fb44dd55000 r--p 00022000 08:02 32245683                   /usr/lib/x86_64-linux-gnu/ld-2.31.so
7fb44dd55000-7fb44dd56000 r--p 00000000 08:02 31591224                   /usr/share/runtime/locale/fr/lib/fr_FR.utf8/LC_IDENTIFICATION
7fb44dd56000-7fb44dd57000 r--p 0002a000 08:02 32245683                   /usr/lib/x86_64-linux-gnu/ld-2.31.so
7fb44dd57000-7fb44dd58000 rw-p 0002b000 08:02 32245683                   /usr/lib/x86_64-linux-gnu/ld-2.31.so
7fb44dd58000-7fb44dd59000 rw-p 00000000 00:00 0 
7ffdec8c8000-7ffdec8e9000 rw-p 00000000 00:00 0                          [stack]
7ffdec91c000-7ffdec91f000 r--p 00000000 00:00 0                          [vvar]
7ffdec91f000-7ffdec920000 r-xp 00000000 00:00 0                          [vdso]
ffffffffff600000-ffffffffff601000 r-xp 00000000 00:00 0                  [vsyscall]


VM Arguments:
jvm_args: -Dfile.encoding=UTF-8 --module-path=/home/pc-nina/eclipse-workspace/AllinUsServer/bin:/home/pc-nina/eclipse-workspace/AllinUsServer/externLib/sqlite-jdbc-3.30.1.jar -Djdk.module.main=AllinUsServer 
java_command: AllinUsServer/AllInUsServer.ChatServer
java_class_path (initial): <not set>
Launcher Type: SUN_STANDARD

[Global flags]
     intx CICompilerCount                          = 2                                         {product} {ergonomic}
     uint ConcGCThreads                            = 1                                         {product} {ergonomic}
     uint G1ConcRefinementThreads                  = 2                                         {product} {ergonomic}
   size_t G1HeapRegionSize                         = 1048576                                   {product} {ergonomic}
    uintx GCDrainStackTargetSize                   = 64                                        {product} {ergonomic}
   size_t InitialHeapSize                          = 56623104                                  {product} {ergonomic}
   size_t MarkStackSize                            = 4194304                                   {product} {ergonomic}
   size_t MaxHeapSize                              = 891289600                                 {product} {ergonomic}
   size_t MaxNewSize                               = 534773760                                 {product} {ergonomic}
   size_t MinHeapDeltaBytes                        = 1048576                                   {product} {ergonomic}
    uintx NonNMethodCodeHeapSize                   = 5825164                                {pd product} {ergonomic}
    uintx NonProfiledCodeHeapSize                  = 122916538                              {pd product} {ergonomic}
    uintx ProfiledCodeHeapSize                     = 122916538                              {pd product} {ergonomic}
    uintx ReservedCodeCacheSize                    = 251658240                              {pd product} {ergonomic}
     bool SegmentedCodeCache                       = true                                      {product} {ergonomic}
     bool UseCompressedClassPointers               = true                                 {lp64_product} {ergonomic}
     bool UseCompressedOops                        = true                                 {lp64_product} {ergonomic}
     bool UseG1GC                                  = true                                      {product} {ergonomic}

Logging:
Log output configuration:
 #0: stdout all=warning uptime,level,tags
 #1: stderr all=off uptime,level,tags

Environment Variables:
PATH=/app/bin:/app/openjdk-11/bin:/usr/bin
SHELL=/bin/sh
DISPLAY=:99.0
LANG=fr_FR.UTF-8

Signal Handlers:
SIGSEGV: [libjvm.so+0xe9de40], sa_mask[0]=11111111011111111101111111111110, sa_flags=SA_RESTART|SA_SIGINFO
SIGBUS: [libjvm.so+0xe9de40], sa_mask[0]=11111111011111111101111111111110, sa_flags=SA_RESTART|SA_SIGINFO
SIGFPE: [libjvm.so+0xe9de40], sa_mask[0]=11111111011111111101111111111110, sa_flags=SA_RESTART|SA_SIGINFO
SIGPIPE: [libjvm.so+0xc0aca0], sa_mask[0]=11111111011111111101111111111110, sa_flags=SA_RESTART|SA_SIGINFO
SIGXFSZ: [libjvm.so+0xc0aca0], sa_mask[0]=11111111011111111101111111111110, sa_flags=SA_RESTART|SA_SIGINFO
SIGILL: [libjvm.so+0xe9de40], sa_mask[0]=11111111011111111101111111111110, sa_flags=SA_RESTART|SA_SIGINFO
SIGUSR2: [libjvm.so+0xc0ab20], sa_mask[0]=00100000000000000000000000000000, sa_flags=SA_RESTART|SA_SIGINFO
SIGHUP: [libjvm.so+0xc0b0f0], sa_mask[0]=11111111011111111101111111111110, sa_flags=SA_RESTART|SA_SIGINFO
SIGINT: [libjvm.so+0xc0b0f0], sa_mask[0]=11111111011111111101111111111110, sa_flags=SA_RESTART|SA_SIGINFO
SIGTERM: [libjvm.so+0xc0b0f0], sa_mask[0]=11111111011111111101111111111110, sa_flags=SA_RESTART|SA_SIGINFO
SIGQUIT: [libjvm.so+0xc0b0f0], sa_mask[0]=11111111011111111101111111111110, sa_flags=SA_RESTART|SA_SIGINFO


---------------  S Y S T E M  ---------------

OS:NAME=GNOME
VERSION="3.38 (Flatpak runtime)"
VERSION_ID=3.38
ID=org.gnome.Platform
PRETTY_NAME="GNOME 3.38 (Flatpak runtime)"
BUG_REPORT_URL="https://gitlab.gnome.org/GNOME/gnome-build-meta/-/issues/new"
HOME_URL="https://www.gnome.org/"
uname:Linux 5.0.0-32-generic #34~18.04.2-Ubuntu SMP Thu Oct 10 10:36:02 UTC 2019 x86_64
OS uptime: 0 days 0:12 hours
libc:glibc 2.31 NPTL 2.31 
rlimit (soft/hard): STACK 8192k/infinity , CORE 0k/infinity , NPROC 13316/13316 , NOFILE 1048576/1048576 , AS infinity/infinity , CPU infinity/infinity , DATA infinity/infinity , FSIZE infinity/infinity , MEMLOCK 16384k/16384k
load average:11,55 7,99 4,10

/proc/meminfo:
MemTotal:        3479916 kB
MemFree:          114824 kB
MemAvailable:    1081904 kB
Buffers:          789032 kB
Cached:           322388 kB
SwapCached:          828 kB
Active:          2297528 kB
Inactive:         767044 kB
Active(anon):    1556404 kB
Inactive(anon):   406864 kB
Active(file):     741124 kB
Inactive(file):   360180 kB
Unevictable:          32 kB
Mlocked:              32 kB
SwapTotal:       2097148 kB
SwapFree:        2085872 kB
Dirty:                60 kB
Writeback:             0 kB
AnonPages:       1952352 kB
Mapped:           268128 kB
Shmem:             10152 kB
KReclaimable:     133228 kB
Slab:             169152 kB
SReclaimable:     133228 kB
SUnreclaim:        35924 kB
KernelStack:       11268 kB
PageTables:        33904 kB
NFS_Unstable:          0 kB
Bounce:                0 kB
WritebackTmp:          0 kB
CommitLimit:     3837104 kB
Committed_AS:    5143420 kB
VmallocTotal:   34359738367 kB
VmallocUsed:           0 kB
VmallocChunk:          0 kB
Percpu:             1040 kB
HardwareCorrupted:     0 kB
AnonHugePages:         0 kB
ShmemHugePages:        0 kB
ShmemPmdMapped:        0 kB
CmaTotal:              0 kB
CmaFree:               0 kB
HugePages_Total:       0
HugePages_Free:        0
HugePages_Rsvd:        0
HugePages_Surp:        0
Hugepagesize:       2048 kB
Hugetlb:               0 kB
DirectMap4k:      219904 kB
DirectMap2M:     3409920 kB
DirectMap1G:           0 kB

/sys/kernel/mm/transparent_hugepage/enabled:
  <Not Available>

/sys/kernel/mm/transparent_hugepage/defrag (defrag/compaction efforts parameter):
  <Not Available>


/proc/sys/kernel/threads-max (system-wide limit on the number of threads):
26633


/proc/sys/vm/max_map_count (maximum number of memory map areas a process may have):
65530


/proc/sys/kernel/pid_max (system-wide limit on number of process identifiers):
32768



Steal ticks since vm start: 0
Steal ticks percentage since vm start:  0,000

CPU:total 2 (initial active 2) (2 cores per cpu, 1 threads per core) family 22 model 48 stepping 1, cmov, cx8, fxsr, mmx, sse, sse2, sse3, ssse3, sse4.1, sse4.2, popcnt, avx, aes, clmul, mmxext, 3dnowpref, lzcnt, sse4a, tsc, tscinvbit, tscinv, bmi1
CPU Model and flags from /proc/cpuinfo:
model name	: AMD E1-6010 APU with AMD Radeon R2 Graphics
flags		: fpu vme de pse tsc msr pae mce cx8 apic sep mtrr pge mca cmov pat pse36 clflush mmx fxsr sse sse2 ht syscall nx mmxext fxsr_opt pdpe1gb rdtscp lm constant_tsc rep_good acc_power nopl nonstop_tsc cpuid extd_apicid aperfmperf pni pclmulqdq monitor ssse3 cx16 sse4_1 sse4_2 movbe popcnt aes xsave avx f16c lahf_lm cmp_legacy svm extapic cr8_legacy abm sse4a misalignsse 3dnowprefetch osvw ibs skinit wdt topoext perfctr_nb bpext ptsc perfctr_llc hw_pstate ssbd vmmcall bmi1 xsaveopt arat npt lbrv svm_lock nrip_save tsc_scale flushbyasid decodeassists pausefilter pfthreshold overflow_recov

Memory: 4k page, physical 3479916k(114824k free), swap 2097148k(2085872k free)

vm_info: OpenJDK 64-Bit Server VM (11.0.8+10) for linux-amd64 JRE (11.0.8+10), built on Sep  8 2020 15:43:10 by "buildbot" with gcc 10.2.0

END.
