#
# A fatal error has been detected by the Java Runtime Environment:
#
#  SIGSEGV (0xb) at pc=0x00007f6ec19e8e84, pid=21739, tid=21963
#
# JRE version: OpenJDK Runtime Environment 18.9 (11.0.8+10) (build 11.0.8+10)
# Java VM: OpenJDK 64-Bit Server VM 18.9 (11.0.8+10, mixed mode, tiered, compressed oops, g1 gc, linux-amd64)
# Problematic frame:
# C  [libpthread.so.0+0xae84]  __pthread_mutex_lock+0x4
#
# Core dump will be written. Default location: Core dumps may be processed with "/lib/systemd/systemd-coredump %P %u %g %s %t 9223372036854775808 %e" (or dumping to /home/pc-nina/eclipse-workspace/AllinUsServer/core.21739)
#
# If you would like to submit a bug report, please visit:
#   https://bugreport.java.com/bugreport/crash.jsp
# The crash happened outside the Java Virtual Machine in native code.
# See problematic frame for where to report the bug.
#

---------------  S U M M A R Y ------------

Command Line: -Dfile.encoding=UTF-8 --module-path=/home/pc-nina/eclipse-workspace/AllinUsServer/bin:/home/pc-nina/eclipse-workspace/AllinUsServer/externLib/sqlite-jdbc-3.30.1.jar -Djdk.module.main=AllinUsServer AllinUsServer/AllInUsServer.ChatServer

Host: AMD E1-6010 APU with AMD Radeon R2 Graphics, 2 cores, 3G, ID=org.gnome.Platform
Time: Sat Sep 26 14:17:56 2020 CEST elapsed time: 274 seconds (0d 0h 4m 34s)

---------------  T H R E A D  ---------------

Current thread (0x00007f6ebc21f000):  JavaThread "Thread-13" [_thread_in_native, id=21963, stack(0x00007f6e9570a000,0x00007f6e9580b000)]

Stack: [0x00007f6e9570a000,0x00007f6e9580b000],  sp=0x00007f6e95809738,  free space=1021k
Native frames: (J=compiled Java code, A=aot compiled Java code, j=interpreted, Vv=VM code, C=native code)
C  [libpthread.so.0+0xae84]  __pthread_mutex_lock+0x4

Java frames: (J=compiled Java code, j=interpreted, Vv=VM code)
j  org.sqlite.core.NativeDB.column_int(JI)I+0 sqlite.jdbc@3.30.1
j  org.sqlite.jdbc3.JDBC3ResultSet.getInt(I)I+18 sqlite.jdbc@3.30.1
j  org.sqlite.jdbc3.JDBC3ResultSet.getInt(Ljava/lang/String;)I+6 sqlite.jdbc@3.30.1
J 607 c2 AllInUsServer.ClientHandler.run()V AllinUsServer (3305 bytes) @ 0x00007f6eac405b90 [0x00007f6eac402600+0x0000000000003590]
j  java.lang.Thread.run()V+11 java.base@11.0.8
v  ~StubRoutines::call_stub

siginfo: si_signo: 11 (SIGSEGV), si_code: 128 (SI_KERNEL), si_addr: 0x0000000000000000

Register to memory mapping:

RAX=0x00007f6e900155b8 points into unknown readable memory: c8 18 01 90 6e 7f 00 00
RBX=0x00007f6e90011d78 points into unknown readable memory: b8 55 01 90 6e 7f 00 00
RCX=0x0 is NULL
RDX=0x00007f6e90011d78 points into unknown readable memory: b8 55 01 90 6e 7f 00 00
RSP=0x00007f6e95809738 is pointing into the stack for thread: 0x00007f6ebc21f000
RBP=0x0 is NULL
RSI=0x0 is NULL
RDI=0x6f63204e494f4a20 is an unknown value
R8 =0x0 is NULL
R9 =
[error occurred during error reporting (printing register info), id 0xb, SIGSEGV (0xb) at pc=0x00007f6ec0c7e25c]

Registers:
RAX=0x00007f6e900155b8, RBX=0x00007f6e90011d78, RCX=0x0000000000000000, RDX=0x00007f6e90011d78
RSP=0x00007f6e95809738, RBP=0x0000000000000000, RSI=0x0000000000000000, RDI=0x6f63204e494f4a20
R8 =0x0000000000000000, R9 =0x00000000ffffffff, R10=0x00007f6ea490fcf3, R11=0x00007f6e9623c983
R12=0x00007f6e90011d78, R13=0x00007f6e97c83b68, R14=0x00007f6e95809838, R15=0x00007f6ebc21f000
RIP=0x00007f6ec19e8e84, EFLAGS=0x0000000000010202, CSGSFS=0x002b000000000033, ERR=0x0000000000000000
  TRAPNO=0x000000000000000d

Top of Stack: (sp=0x00007f6e95809738)
0x00007f6e95809738:   00007f6e962362e9 00007f6e95809838
0x00007f6e95809748:   00007f6e97c83b68 00007f6e95809800
0x00007f6e95809758:   00007f6e96236470 00007f6ebc257fc8
0x00007f6e95809768:   00007f6e97c83b68 0000000000000000 

Instructions: (pc=0x00007f6ec19e8e84)
0x00007f6ec19e8d84:   ff 41 bf 23 00 00 00 e9 8d fb ff ff 48 8d 0d c9
0x00007f6ec19e8d94:   b8 00 00 ba b1 01 00 00 48 8d 35 52 b7 00 00 48
0x00007f6ec19e8da4:   8d 3d 06 b8 00 00 e8 c1 b9 ff ff 90 c7 45 04 00
0x00007f6ec19e8db4:   00 00 00 45 31 d2 31 d2 be 07 00 00 00 48 89 ef
0x00007f6ec19e8dc4:   b8 ca 00 00 00 0f 05 e9 35 ff ff ff 48 8d 0d 89
0x00007f6ec19e8dd4:   b8 00 00 ba 4f 02 00 00 48 8d 35 12 b7 00 00 48
0x00007f6ec19e8de4:   8d 3d 28 b7 00 00 e8 81 b9 ff ff 90 41 83 e9 01
0x00007f6ec19e8df4:   41 83 f9 01 0f 87 c2 fb ff ff 48 8d 0d 5b b8 00
0x00007f6ec19e8e04:   00 ba ac 01 00 00 48 8d 35 e4 b6 00 00 48 8d 3d
0x00007f6ec19e8e14:   18 b7 00 00 e8 53 b9 ff ff 0f 1f 00 45 31 d2 ba
0x00007f6ec19e8e24:   01 00 00 00 be 01 00 00 00 eb 92 41 8b 45 00 83
0x00007f6ec19e8e34:   e0 7f 83 f8 12 0f 84 2e ff ff ff 83 f8 11 0f 85
0x00007f6ec19e8e44:   cf fd ff ff 64 48 c7 04 25 f0 02 00 00 00 00 00
0x00007f6ec19e8e54:   00 8b 45 04 83 f8 ff 0f 84 e5 fe ff ff 83 c0 01
0x00007f6ec19e8e64:   89 45 04 e9 b1 fa ff ff 8b 4d 00 e9 1d fa ff ff
0x00007f6ec19e8e74:   66 66 2e 0f 1f 84 00 00 00 00 00 90 f3 0f 1e fa
0x00007f6ec19e8e84:   8b 47 10 89 c2 81 e2 7f 01 00 00 83 e0 7c 75 7c
0x00007f6ec19e8e94:   53 48 83 ec 10 85 d2 75 7b 8b 0d 75 62 01 00 85
0x00007f6ec19e8ea4:   c9 75 39 31 c0 ba 01 00 00 00 f0 0f b1 17 0f 85
0x00007f6ec19e8eb4:   98 00 00 00 8b 57 08 85 d2 0f 85 42 01 00 00 64
0x00007f6ec19e8ec4:   8b 04 25 d0 02 00 00 83 47 0c 01 89 47 08 31 c0
0x00007f6ec19e8ed4:   48 83 c4 10 5b c3 66 0f 1f 44 00 00 8b 47 10 f6
0x00007f6ec19e8ee4:   c4 03 74 08 f6 c4 01 74 ba eb 07 90 80 cc 01 89
0x00007f6ec19e8ef4:   47 10 8b 57 10 48 83 c4 10 48 8d 77 16 5b 81 e2
0x00007f6ec19e8f04:   80 00 00 00 e9 23 aa 00 00 0f 1f 00 e9 1b f9 ff
0x00007f6ec19e8f14:   ff 0f 1f 00 81 fa 00 01 00 00 74 d6 8b 57 10 83
0x00007f6ec19e8f24:   e2 7f 83 fa 01 75 5f 64 8b 0c 25 d0 02 00 00 39
0x00007f6ec19e8f34:   4f 08 75 35 8b 47 04 83 f8 ff 0f 84 b7 00 00 00
0x00007f6ec19e8f44:   83 c0 01 89 47 04 31 c0 eb 86 66 90 8b 77 10 48
0x00007f6ec19e8f54:   89 7c 24 08 81 e6 80 00 00 00 e8 3d 76 00 00 48
0x00007f6ec19e8f64:   8b 7c 24 08 e9 4b ff ff ff f0 0f b1 17 75 6b 8b
0x00007f6ec19e8f74:   47 08 85 c0 0f 85 cc 00 00 00 c7 47 04 01 00 00 


Stack slot to memory mapping:
stack at sp + 0 slots: 0x00007f6e962362e9: <offset 0x000000000001f2e9> in /tmp/sqlite-3.30.1-6d0b0c0c-0e21-44c4-9f8e-04bee85e94b5-libsqlitejdbc.so at 0x00007f6e96217000
stack at sp + 1 slots: 0x00007f6e95809838 is pointing into the stack for thread: 0x00007f6ebc21f000
stack at sp + 2 slots: {method} {0x00007f6e97c83b68} 'column_int' '(JI)I' in 'org/sqlite/core/NativeDB'
stack at sp + 3 slots: 0x00007f6e95809800 is pointing into the stack for thread: 0x00007f6ebc21f000
stack at sp + 4 slots: 0x00007f6e96236470: <offset 0x000000000001f470> in /tmp/sqlite-3.30.1-6d0b0c0c-0e21-44c4-9f8e-04bee85e94b5-libsqlitejdbc.so at 0x00007f6e96217000
stack at sp + 5 slots: 0x00007f6ebc257fc8 points into unknown readable memory: 30 67 36 ce 00 00 00 00
stack at sp + 6 slots: {method} {0x00007f6e97c83b68} 'column_int' '(JI)I' in 'org/sqlite/core/NativeDB'
stack at sp + 7 slots: 0x0 is NULL


---------------  P R O C E S S  ---------------

Threads class SMR info:
_java_thread_list=0x00007f6e7981c7a0, length=21, elements={
0x00007f6ebc016000, 0x00007f6ebc0e5000, 0x00007f6ebc0e9000, 0x00007f6ebc126800,
0x00007f6ebc128800, 0x00007f6ebc12a800, 0x00007f6ebc12c800, 0x00007f6ebc18d800,
0x00007f6ebc24c800, 0x00007f6ebc21a000, 0x00007f6e68125000, 0x00007f6ebc21b800,
0x00007f6e7002c800, 0x00007f6ebc21d800, 0x00007f6e7a01a000, 0x00007f6e7805d800,
0x00007f6e7805f800, 0x00007f6e78061000, 0x00007f6ebc21f000, 0x00007f6e9003f000,
0x00007f6e781cb800
}

Java Threads: ( => current thread )
  0x00007f6ebc016000 JavaThread "main" [_thread_in_native, id=21745, stack(0x00007f6ec00a8000,0x00007f6ec01a9000)]
  0x00007f6ebc0e5000 JavaThread "Reference Handler" daemon [_thread_blocked, id=21752, stack(0x00007f6e972f8000,0x00007f6e973f9000)]
  0x00007f6ebc0e9000 JavaThread "Finalizer" daemon [_thread_blocked, id=21753, stack(0x00007f6e971f7000,0x00007f6e972f8000)]
  0x00007f6ebc126800 JavaThread "Signal Dispatcher" daemon [_thread_blocked, id=21754, stack(0x00007f6e96e2b000,0x00007f6e96f2c000)]
  0x00007f6ebc128800 JavaThread "C2 CompilerThread0" daemon [_thread_blocked, id=21755, stack(0x00007f6e96d2a000,0x00007f6e96e2b000)]
  0x00007f6ebc12a800 JavaThread "C1 CompilerThread0" daemon [_thread_blocked, id=21756, stack(0x00007f6e96c29000,0x00007f6e96d2a000)]
  0x00007f6ebc12c800 JavaThread "Sweeper thread" daemon [_thread_blocked, id=21757, stack(0x00007f6e96b28000,0x00007f6e96c29000)]
  0x00007f6ebc18d800 JavaThread "Common-Cleaner" daemon [_thread_blocked, id=21758, stack(0x00007f6e969f6000,0x00007f6e96af7000)]
  0x00007f6ebc24c800 JavaThread "Service Thread" daemon [_thread_blocked, id=21759, stack(0x00007f6e968f5000,0x00007f6e969f6000)]
  0x00007f6ebc21a000 JavaThread "Thread-1" [_thread_blocked, id=21808, stack(0x00007f6e966f2000,0x00007f6e967f3000)]
  0x00007f6e68125000 JavaThread "Timer-0" [_thread_blocked, id=21813, stack(0x00007f6e96116000,0x00007f6e96217000)]
  0x00007f6ebc21b800 JavaThread "Thread-4" [_thread_blocked, id=21856, stack(0x00007f6e96015000,0x00007f6e96116000)]
  0x00007f6e7002c800 JavaThread "Timer-1" [_thread_blocked, id=21862, stack(0x00007f6e95f14000,0x00007f6e96015000)]
  0x00007f6ebc21d800 JavaThread "Thread-7" [_thread_in_Java, id=21908, stack(0x00007f6e95e13000,0x00007f6e95f14000)]
  0x00007f6e7a01a000 JavaThread "Timer-2" [_thread_blocked, id=21914, stack(0x00007f6e95d12000,0x00007f6e95e13000)]
  0x00007f6e7805d800 JavaThread "Timer-3" [_thread_blocked, id=21915, stack(0x00007f6e95c11000,0x00007f6e95d12000)]
  0x00007f6e7805f800 JavaThread "Timer-4" [_thread_blocked, id=21916, stack(0x00007f6e95b10000,0x00007f6e95c11000)]
  0x00007f6e78061000 JavaThread "Timer-5" [_thread_blocked, id=21917, stack(0x00007f6e95a0f000,0x00007f6e95b10000)]
=>0x00007f6ebc21f000 JavaThread "Thread-13" [_thread_in_native, id=21963, stack(0x00007f6e9570a000,0x00007f6e9580b000)]
  0x00007f6e9003f000 JavaThread "Timer-6" [_thread_blocked, id=21969, stack(0x00007f6e95609000,0x00007f6e9570a000)]
  0x00007f6e781cb800 JavaThread "Timer-7" [_thread_in_vm, id=21970, stack(0x00007f6e95508000,0x00007f6e95609000)]

Other Threads:
  0x00007f6ebc0dc800 VMThread "VM Thread" [stack: 0x00007f6e973fb000,0x00007f6e974fb000] [id=21751] _threads_hazard_ptr=0x00007f6e7981c7a0
  0x00007f6ebc24f800 WatcherThread [stack: 0x00007f6e967f5000,0x00007f6e968f5000] [id=21760]
  0x00007f6ebc02d000 GCTaskThread "GC Thread#0" [stack: 0x00007f6ea462a000,0x00007f6ea472a000] [id=21746]
  0x00007f6e88001800 GCTaskThread "GC Thread#1" [stack: 0x00007f6e9590f000,0x00007f6e95a0f000] [id=21918]
  0x00007f6ebc045800 ConcurrentGCThread "G1 Main Marker" [stack: 0x00007f6e9e2c7000,0x00007f6e9e3c7000] [id=21747]
  0x00007f6ebc047000 ConcurrentGCThread "G1 Conc#0" [stack: 0x00007f6e9e1c5000,0x00007f6e9e2c5000] [id=21748]
  0x00007f6ebc07c000 ConcurrentGCThread "G1 Refine#0" [stack: 0x00007f6e97dff000,0x00007f6e97eff000] [id=21749]
  0x00007f6e8c001000 ConcurrentGCThread "G1 Refine#1" [stack: 0x00007f6e9580d000,0x00007f6e9590d000] [id=21919]
  0x00007f6ebc07d800 ConcurrentGCThread "G1 Young RemSet Sampling" [stack: 0x00007f6e97cfd000,0x00007f6e97dfd000] [id=21750]

Threads with active compile tasks:

VM state:synchronizing (normal execution)

VM Mutex/Monitor currently owned by a thread:  ([mutex/lock_event])
[0x00007f6ebc012df0] Safepoint_lock - owner thread: 0x00007f6ebc0dc800
[0x00007f6ebc012e80] Threads_lock - owner thread: 0x00007f6ebc0dc800

Heap address: 0x00000000cae00000, size: 850 MB, Compressed Oops mode: 32-bit
Narrow klass base: 0x0000000000000000, Narrow klass shift: 3
Compressed class space size: 1073741824 Address: 0x0000000100000000

Heap:
 garbage-first heap   total 55296K, used 2116K [0x00000000cae00000, 0x0000000100000000)
  region size 1024K, 2 young (2048K), 1 survivors (1024K)
 Metaspace       used 10526K, capacity 10796K, committed 11136K, reserved 1058816K
  class space    used 991K, capacity 1112K, committed 1152K, reserved 1048576K
Heap Regions: E=young(eden), S=young(survivor), O=old, HS=humongous(starts), HC=humongous(continues), CS=collection set, F=free, A=archive, TAMS=top-at-mark-start (previous, next)
|   0|0x00000000cae00000, 0x00000000caf00000, 0x00000000caf00000|100%| O|  |TAMS 0x00000000cae00000, 0x00000000cae00000| Untracked 
|   1|0x00000000caf00000, 0x00000000caf11000, 0x00000000cb000000|  6%| O|  |TAMS 0x00000000caf00000, 0x00000000caf00000| Untracked 
|   2|0x00000000cb000000, 0x00000000cb000000, 0x00000000cb100000|  0%| F|  |TAMS 0x00000000cb000000, 0x00000000cb000000| Untracked 
|   3|0x00000000cb100000, 0x00000000cb100000, 0x00000000cb200000|  0%| F|  |TAMS 0x00000000cb100000, 0x00000000cb100000| Untracked 
|   4|0x00000000cb200000, 0x00000000cb200000, 0x00000000cb300000|  0%| F|  |TAMS 0x00000000cb200000, 0x00000000cb200000| Untracked 
|   5|0x00000000cb300000, 0x00000000cb300000, 0x00000000cb400000|  0%| F|  |TAMS 0x00000000cb300000, 0x00000000cb300000| Untracked 
|   6|0x00000000cb400000, 0x00000000cb400000, 0x00000000cb500000|  0%| F|  |TAMS 0x00000000cb400000, 0x00000000cb400000| Untracked 
|   7|0x00000000cb500000, 0x00000000cb500000, 0x00000000cb600000|  0%| F|  |TAMS 0x00000000cb500000, 0x00000000cb500000| Untracked 
|   8|0x00000000cb600000, 0x00000000cb600000, 0x00000000cb700000|  0%| F|  |TAMS 0x00000000cb600000, 0x00000000cb600000| Untracked 
|   9|0x00000000cb700000, 0x00000000cb700000, 0x00000000cb800000|  0%| F|  |TAMS 0x00000000cb700000, 0x00000000cb700000| Untracked 
|  10|0x00000000cb800000, 0x00000000cb800000, 0x00000000cb900000|  0%| F|  |TAMS 0x00000000cb800000, 0x00000000cb800000| Untracked 
|  11|0x00000000cb900000, 0x00000000cb900000, 0x00000000cba00000|  0%| F|  |TAMS 0x00000000cb900000, 0x00000000cb900000| Untracked 
|  12|0x00000000cba00000, 0x00000000cba00000, 0x00000000cbb00000|  0%| F|  |TAMS 0x00000000cba00000, 0x00000000cba00000| Untracked 
|  13|0x00000000cbb00000, 0x00000000cbb00000, 0x00000000cbc00000|  0%| F|  |TAMS 0x00000000cbb00000, 0x00000000cbb00000| Untracked 
|  14|0x00000000cbc00000, 0x00000000cbc00000, 0x00000000cbd00000|  0%| F|  |TAMS 0x00000000cbc00000, 0x00000000cbc00000| Untracked 
|  15|0x00000000cbd00000, 0x00000000cbd00000, 0x00000000cbe00000|  0%| F|  |TAMS 0x00000000cbd00000, 0x00000000cbd00000| Untracked 
|  16|0x00000000cbe00000, 0x00000000cbe00000, 0x00000000cbf00000|  0%| F|  |TAMS 0x00000000cbe00000, 0x00000000cbe00000| Untracked 
|  17|0x00000000cbf00000, 0x00000000cbf00000, 0x00000000cc000000|  0%| F|  |TAMS 0x00000000cbf00000, 0x00000000cbf00000| Untracked 
|  18|0x00000000cc000000, 0x00000000cc000000, 0x00000000cc100000|  0%| F|  |TAMS 0x00000000cc000000, 0x00000000cc000000| Untracked 
|  19|0x00000000cc100000, 0x00000000cc100000, 0x00000000cc200000|  0%| F|  |TAMS 0x00000000cc100000, 0x00000000cc100000| Untracked 
|  20|0x00000000cc200000, 0x00000000cc200000, 0x00000000cc300000|  0%| F|  |TAMS 0x00000000cc200000, 0x00000000cc200000| Untracked 
|  21|0x00000000cc300000, 0x00000000cc300000, 0x00000000cc400000|  0%| F|  |TAMS 0x00000000cc300000, 0x00000000cc300000| Untracked 
|  22|0x00000000cc400000, 0x00000000cc400000, 0x00000000cc500000|  0%| F|  |TAMS 0x00000000cc400000, 0x00000000cc400000| Untracked 
|  23|0x00000000cc500000, 0x00000000cc500000, 0x00000000cc600000|  0%| F|  |TAMS 0x00000000cc500000, 0x00000000cc500000| Untracked 
|  24|0x00000000cc600000, 0x00000000cc600000, 0x00000000cc700000|  0%| F|  |TAMS 0x00000000cc600000, 0x00000000cc600000| Untracked 
|  25|0x00000000cc700000, 0x00000000cc700000, 0x00000000cc800000|  0%| F|  |TAMS 0x00000000cc700000, 0x00000000cc700000| Untracked 
|  26|0x00000000cc800000, 0x00000000cc800000, 0x00000000cc900000|  0%| F|  |TAMS 0x00000000cc800000, 0x00000000cc800000| Untracked 
|  27|0x00000000cc900000, 0x00000000cc900000, 0x00000000cca00000|  0%| F|  |TAMS 0x00000000cc900000, 0x00000000cc900000| Untracked 
|  28|0x00000000cca00000, 0x00000000cca00000, 0x00000000ccb00000|  0%| F|  |TAMS 0x00000000cca00000, 0x00000000cca00000| Untracked 
|  29|0x00000000ccb00000, 0x00000000ccb00000, 0x00000000ccc00000|  0%| F|  |TAMS 0x00000000ccb00000, 0x00000000ccb00000| Untracked 
|  30|0x00000000ccc00000, 0x00000000ccc00000, 0x00000000ccd00000|  0%| F|  |TAMS 0x00000000ccc00000, 0x00000000ccc00000| Untracked 
|  31|0x00000000ccd00000, 0x00000000ccd00000, 0x00000000cce00000|  0%| F|  |TAMS 0x00000000ccd00000, 0x00000000ccd00000| Untracked 
|  32|0x00000000cce00000, 0x00000000cce00000, 0x00000000ccf00000|  0%| F|  |TAMS 0x00000000cce00000, 0x00000000cce00000| Untracked 
|  33|0x00000000ccf00000, 0x00000000ccf00000, 0x00000000cd000000|  0%| F|  |TAMS 0x00000000ccf00000, 0x00000000ccf00000| Untracked 
|  34|0x00000000cd000000, 0x00000000cd000000, 0x00000000cd100000|  0%| F|  |TAMS 0x00000000cd000000, 0x00000000cd000000| Untracked 
|  35|0x00000000cd100000, 0x00000000cd100000, 0x00000000cd200000|  0%| F|  |TAMS 0x00000000cd100000, 0x00000000cd100000| Untracked 
|  36|0x00000000cd200000, 0x00000000cd200000, 0x00000000cd300000|  0%| F|  |TAMS 0x00000000cd200000, 0x00000000cd200000| Untracked 
|  37|0x00000000cd300000, 0x00000000cd300000, 0x00000000cd400000|  0%| F|  |TAMS 0x00000000cd300000, 0x00000000cd300000| Untracked 
|  38|0x00000000cd400000, 0x00000000cd400000, 0x00000000cd500000|  0%| F|  |TAMS 0x00000000cd400000, 0x00000000cd400000| Untracked 
|  39|0x00000000cd500000, 0x00000000cd500000, 0x00000000cd600000|  0%| F|  |TAMS 0x00000000cd500000, 0x00000000cd500000| Untracked 
|  40|0x00000000cd600000, 0x00000000cd600000, 0x00000000cd700000|  0%| F|  |TAMS 0x00000000cd600000, 0x00000000cd600000| Untracked 
|  41|0x00000000cd700000, 0x00000000cd700000, 0x00000000cd800000|  0%| F|  |TAMS 0x00000000cd700000, 0x00000000cd700000| Untracked 
|  42|0x00000000cd800000, 0x00000000cd800000, 0x00000000cd900000|  0%| F|  |TAMS 0x00000000cd800000, 0x00000000cd800000| Untracked 
|  43|0x00000000cd900000, 0x00000000cd900000, 0x00000000cda00000|  0%| F|  |TAMS 0x00000000cd900000, 0x00000000cd900000| Untracked 
|  44|0x00000000cda00000, 0x00000000cda00000, 0x00000000cdb00000|  0%| F|  |TAMS 0x00000000cda00000, 0x00000000cda00000| Untracked 
|  45|0x00000000cdb00000, 0x00000000cdb00000, 0x00000000cdc00000|  0%| F|  |TAMS 0x00000000cdb00000, 0x00000000cdb00000| Untracked 
|  46|0x00000000cdc00000, 0x00000000cdd00000, 0x00000000cdd00000|100%| S|CS|TAMS 0x00000000cdc00000, 0x00000000cdc00000| Complete 
|  47|0x00000000cdd00000, 0x00000000cdd00000, 0x00000000cde00000|  0%| F|  |TAMS 0x00000000cdd00000, 0x00000000cdd00000| Untracked 
|  48|0x00000000cde00000, 0x00000000cde00000, 0x00000000cdf00000|  0%| F|  |TAMS 0x00000000cde00000, 0x00000000cde00000| Untracked 
|  49|0x00000000cdf00000, 0x00000000cdf00000, 0x00000000ce000000|  0%| F|  |TAMS 0x00000000cdf00000, 0x00000000cdf00000| Untracked 
|  50|0x00000000ce000000, 0x00000000ce000000, 0x00000000ce100000|  0%| F|  |TAMS 0x00000000ce000000, 0x00000000ce000000| Untracked 
|  51|0x00000000ce100000, 0x00000000ce100000, 0x00000000ce200000|  0%| F|  |TAMS 0x00000000ce100000, 0x00000000ce100000| Untracked 
|  52|0x00000000ce200000, 0x00000000ce200000, 0x00000000ce300000|  0%| F|  |TAMS 0x00000000ce200000, 0x00000000ce200000| Untracked 
|  53|0x00000000ce300000, 0x00000000ce375ba8, 0x00000000ce400000| 45%| E|  |TAMS 0x00000000ce300000, 0x00000000ce300000| Complete 

Card table byte_map: [0x00007f6ea40d4000,0x00007f6ea427d000] _byte_map_base: 0x00007f6ea3a7d000

Marking Bits (Prev, Next): (CMBitMap*) 0x00007f6ebc0410c8, (CMBitMap*) 0x00007f6ebc041100
 Prev Bits: [0x00007f6e9f10f000, 0x00007f6e9fe57000)
 Next Bits: [0x00007f6e9e3c7000, 0x00007f6e9f10f000)

Polling page: 0x00007f6ec1a1c000

Metaspace:

Usage:
  Non-class:      9,46 MB capacity,     9,31 MB ( 98%) used,   132,73 KB (  1%) free+waste,    16,69 KB ( <1%) overhead. 
      Class:      1,09 MB capacity,   991,93 KB ( 89%) used,   112,07 KB ( 10%) free+waste,     8,00 KB ( <1%) overhead. 
       Both:     10,54 MB capacity,    10,28 MB ( 98%) used,   244,80 KB (  2%) free+waste,    24,69 KB ( <1%) overhead. 

Virtual space:
  Non-class space:       10,00 MB reserved,       9,75 MB ( 98%) committed 
      Class space:        1,00 GB reserved,       1,12 MB ( <1%) committed 
             Both:        1,01 GB reserved,      10,88 MB (  1%) committed 

Chunk freelists:
   Non-Class:  100,00 KB
       Class:  8,00 KB
        Both:  108,00 KB

MaxMetaspaceSize: unlimited
CompressedClassSpaceSize: 1,00 GB

CodeHeap 'non-profiled nmethods': size=120036Kb used=457Kb max_used=457Kb free=119578Kb
 bounds [0x00007f6eac3c7000, 0x00007f6eac637000, 0x00007f6eb3900000]
CodeHeap 'profiled nmethods': size=120032Kb used=1957Kb max_used=1957Kb free=118075Kb
 bounds [0x00007f6ea4e8f000, 0x00007f6ea50ff000, 0x00007f6eac3c7000]
CodeHeap 'non-nmethods': size=5692Kb used=1054Kb max_used=1154Kb free=4637Kb
 bounds [0x00007f6ea4900000, 0x00007f6ea4b70000, 0x00007f6ea4e8f000]
 total_blobs=1044 nmethods=667 adapters=291
 compilation: enabled
              stopped_count=0, restarted_count=0
 full_count=0

Compilation events (20 events):
Event: 255,319 Thread 0x00007f6ebc12a800  655       3       java.lang.Integer::numberOfLeadingZeros (78 bytes)
Event: 255,320 Thread 0x00007f6ebc12a800 nmethod 655 0x00007f6ea5073b10 code [0x00007f6ea5073cc0, 0x00007f6ea5073f50]
Event: 255,364 Thread 0x00007f6ebc12a800  656       3       java.lang.String::<init> (55 bytes)
Event: 255,366 Thread 0x00007f6ebc12a800 nmethod 656 0x00007f6ea5074010 code [0x00007f6ea5074200, 0x00007f6ea5074560]
Event: 255,394 Thread 0x00007f6ebc12a800  657       3       java.lang.invoke.DirectMethodHandle$Holder::invokeStatic (15 bytes)
Event: 255,394 Thread 0x00007f6ebc12a800 nmethod 657 0x00007f6ea5074710 code [0x00007f6ea50748e0, 0x00007f6ea5074d70]
Event: 255,542 Thread 0x00007f6ebc12a800  658       3       java.util.Locale::hashCode (41 bytes)
Event: 255,543 Thread 0x00007f6ebc12a800 nmethod 658 0x00007f6ea5074e90 code [0x00007f6ea5075060, 0x00007f6ea50752f0]
Event: 255,544 Thread 0x00007f6ebc12a800  659  s    3       java.io.BufferedOutputStream::flush (12 bytes)
Event: 255,546 Thread 0x00007f6ebc12a800 nmethod 659 0x00007f6ea5075490 code [0x00007f6ea5075660, 0x00007f6ea5075af0]
Event: 255,546 Thread 0x00007f6ebc12a800  660       3       java.io.OutputStream::flush (1 bytes)
Event: 255,546 Thread 0x00007f6ebc12a800 nmethod 660 0x00007f6ea5075c10 code [0x00007f6ea5075dc0, 0x00007f6ea5075eb0]
Event: 259,450 Thread 0x00007f6ebc12a800  661       3       java.lang.String::toUpperCase (29 bytes)
Event: 259,451 Thread 0x00007f6ebc12a800 nmethod 661 0x00007f6ea5075f10 code [0x00007f6ea50760e0, 0x00007f6ea5076370]
Event: 259,512 Thread 0x00007f6ebc12a800  662       3       java.lang.String::<init> (10 bytes)
Event: 259,512 Thread 0x00007f6ebc12a800 nmethod 662 0x00007f6ea5076490 code [0x00007f6ea5076640, 0x00007f6ea5076780]
Event: 259,521 Thread 0x00007f6ebc12a800  663   !   3       org.sqlite.core.NativeDB::utf8ByteArrayToString (29 bytes)
Event: 259,522 Thread 0x00007f6ebc12a800 nmethod 663 0x00007f6ea5076890 code [0x00007f6ea5076a80, 0x00007f6ea5076db0]
Event: 259,530 Thread 0x00007f6ebc12a800  664       3       org.sqlite.core.CoreResultSet::checkOpen (18 bytes)
Event: 259,531 Thread 0x00007f6ebc12a800 nmethod 664 0x00007f6ea5076f90 code [0x00007f6ea5077160, 0x00007f6ea5077380]

GC Heap History (2 events):
Event: 186,673 GC heap before
{Heap before GC invocations=0 (full 0):
 garbage-first heap   total 55296K, used 7168K [0x00000000cae00000, 0x0000000100000000)
  region size 1024K, 7 young (7168K), 0 survivors (0K)
 Metaspace       used 10516K, capacity 10796K, committed 11136K, reserved 1058816K
  class space    used 991K, capacity 1112K, committed 1152K, reserved 1048576K
}
Event: 186,729 GC heap after
{Heap after GC invocations=1 (full 0):
 garbage-first heap   total 55296K, used 2116K [0x00000000cae00000, 0x0000000100000000)
  region size 1024K, 1 young (1024K), 1 survivors (1024K)
 Metaspace       used 10516K, capacity 10796K, committed 11136K, reserved 1058816K
  class space    used 991K, capacity 1112K, committed 1152K, reserved 1048576K
}

Deoptimization events (20 events):
Event: 43,183 Thread 0x00007f6ebc21a000 Uncommon trap: trap_request=0xffffff4d fr.pc=0x00007f6eac3d7fe4 relative=0x0000000000000cc4
Event: 43,184 Thread 0x00007f6ebc21a000 Uncommon trap: reason=unstable_if action=reinterpret pc=0x00007f6eac3d7fe4 method=java.util.HashMap.putVal(ILjava/lang/Object;Ljava/lang/Object;ZZ)Ljava/lang/Object; @ 181 c2
Event: 43,184 Thread 0x00007f6ebc21a000 DEOPT PACKING pc=0x00007f6eac3d7fe4 sp=0x00007f6e967f0370
Event: 43,184 Thread 0x00007f6ebc21a000 DEOPT UNPACKING pc=0x00007f6ea4925f25 sp=0x00007f6e967f0300 mode 2
Event: 43,335 Thread 0x00007f6ebc21a000 DEOPT PACKING pc=0x00007f6ea4fd6cd3 sp=0x00007f6e967f1110
Event: 43,335 Thread 0x00007f6ebc21a000 DEOPT UNPACKING pc=0x00007f6ea4925d3a sp=0x00007f6e967f0638 mode 0
Event: 43,366 Thread 0x00007f6ebc21a000 Uncommon trap: trap_request=0xffffff4d fr.pc=0x00007f6eac3ed2a0 relative=0x0000000000000740
Event: 43,366 Thread 0x00007f6ebc21a000 Uncommon trap: reason=unstable_if action=reinterpret pc=0x00007f6eac3ed2a0 method=org.sqlite.SQLiteJDBCLoader.contentsEquals(Ljava/io/InputStream;Ljava/io/InputStream;)Z @ 39 c2
Event: 43,366 Thread 0x00007f6ebc21a000 DEOPT PACKING pc=0x00007f6eac3ed2a0 sp=0x00007f6e967f1170
Event: 43,366 Thread 0x00007f6ebc21a000 DEOPT UNPACKING pc=0x00007f6ea4925f25 sp=0x00007f6e967f1138 mode 2
Event: 48,127 Thread 0x00007f6ebc21a000 DEOPT PACKING pc=0x00007f6ea5008063 sp=0x00007f6e967f1310
Event: 48,127 Thread 0x00007f6ebc21a000 DEOPT UNPACKING pc=0x00007f6ea4925d3a sp=0x00007f6e967f0de8 mode 0
Event: 67,525 Thread 0x00007f6ebc21b800 DEOPT PACKING pc=0x00007f6ea4f39b93 sp=0x00007f6e96114320
Event: 67,525 Thread 0x00007f6ebc21b800 DEOPT UNPACKING pc=0x00007f6ea4925d3a sp=0x00007f6e96113de8 mode 0
Event: 98,836 Thread 0x00007f6ebc21b800 Uncommon trap: trap_request=0xffffffa5 fr.pc=0x00007f6eac3f6790 relative=0x0000000000004810
Event: 98,836 Thread 0x00007f6ebc21b800 Uncommon trap: reason=unreached action=reinterpret pc=0x00007f6eac3f6790 method=AllInUsServer.ClientHandler.run()V @ 3281 c2
Event: 98,836 Thread 0x00007f6ebc21b800 DEOPT PACKING pc=0x00007f6eac3f6790 sp=0x00007f6e96114940
Event: 98,836 Thread 0x00007f6ebc21b800 DEOPT UNPACKING pc=0x00007f6ea4925f25 sp=0x00007f6e961148f8 mode 2
Event: 108,457 Thread 0x00007f6ebc21b800 DEOPT PACKING pc=0x00007f6ea5047463 sp=0x00007f6e96114300
Event: 108,457 Thread 0x00007f6ebc21b800 DEOPT UNPACKING pc=0x00007f6ea4925d3a sp=0x00007f6e96113de8 mode 0

Classes redefined (0 events):
No events

Internal exceptions (8 events):
Event: 0,592 Thread 0x00007f6ebc016000 Exception <a 'java/lang/NoSuchMethodError'{0x00000000ce3e8e00}: 'int java.lang.invoke.DirectMethodHandle$Holder.invokeSpecial(java.lang.Object, java.lang.Object, java.lang.Object, java.lang.Object)'> (0x00000000ce3e8e00) thrown at [src/hotspot/share/interpreter/linkResolver.cpp, line 772]
Event: 0,618 Thread 0x00007f6ebc016000 Exception <a 'java/lang/NoSuchMethodError'{0x00000000ce3fac18}: 'void java.lang.invoke.DirectMethodHandle$Holder.invokeVirtual(java.lang.Object, java.lang.Object)'> (0x00000000ce3fac18) thrown at [src/hotspot/share/interpreter/linkResolver.cpp, line 772]
Event: 0,729 Thread 0x00007f6ebc016000 Exception <a 'java/lang/NoSuchMethodError'{0x00000000ce25f5c8}: 'int java.lang.invoke.DirectMethodHandle$Holder.invokeSpecialIFC(java.lang.Object, java.lang.Object, int)'> (0x00000000ce25f5c8) thrown at [src/hotspot/share/interpreter/linkResolver.cpp, line 772]
Event: 0,833 Thread 0x00007f6ebc016000 Exception <a 'java/lang/NoSuchMethodError'{0x00000000ce2c2cd0}: 'void java.lang.invoke.DirectMethodHandle$Holder.invokeSpecial(java.lang.Object, java.lang.Object, java.lang.Object, java.lang.Object, java.lang.Object)'> (0x00000000ce2c2cd0) thrown at [src/hotspot/share/interpreter/linkResolver.cpp, line 772]
Event: 0,850 Thread 0x00007f6ebc016000 Exception <a 'java/lang/IncompatibleClassChangeError'{0x00000000ce2d1bc8}: Found class java.lang.Object, but interface was expected> (0x00000000ce2d1bc8) thrown at [src/hotspot/share/interpreter/linkResolver.cpp, line 839]
Event: 0,852 Thread 0x00007f6ebc016000 Exception <a 'java/lang/NoSuchMethodError'{0x00000000ce2d48a8}: 'void java.lang.invoke.DirectMethodHandle$Holder.invokeStatic(java.lang.Object, java.lang.Object, java.lang.Object, java.lang.Object)'> (0x00000000ce2d48a8) thrown at [src/hotspot/share/interpreter/linkResolver.cpp, line 772]
Event: 0,959 Thread 0x00007f6ebc016000 Exception <a 'java/lang/ClassNotFoundException'{0x00000000ce142c48}: jdk/net/ExtendedSocketOptions> (0x00000000ce142c48) thrown at [src/hotspot/share/classfile/systemDictionary.cpp, line 231]
Event: 42,361 Thread 0x00007f6ebc21a000 Exception <a 'sun/nio/fs/UnixException'{0x00000000ce01f608}> (0x00000000ce01f608) thrown at [src/hotspot/share/prims/jni.cpp, line 615]

Events (20 events):
Event: 186,745 Executing VM operation: RevokeBias
Event: 186,763 Executing VM operation: RevokeBias done
Event: 186,765 Executing VM operation: RevokeBias
Event: 186,765 Executing VM operation: RevokeBias done
Event: 186,765 Executing VM operation: RevokeBias
Event: 186,766 Executing VM operation: RevokeBias done
Event: 221,532 Thread 0x00007f6ebc21f000 Thread added: 0x00007f6ebc21f000
Event: 221,532 Protecting memory [0x00007f6e9570a000,0x00007f6e9570e000] with protection modes 0
Event: 221,533 Executing VM operation: RevokeBias
Event: 221,533 Executing VM operation: RevokeBias done
Event: 221,537 Executing VM operation: RevokeBias
Event: 221,553 Executing VM operation: RevokeBias done
Event: 259,561 Thread 0x00007f6e9003f000 Thread added: 0x00007f6e9003f000
Event: 259,565 Protecting memory [0x00007f6e95609000,0x00007f6e9560d000] with protection modes 0
Event: 259,565 Executing VM operation: RevokeBias
Event: 259,576 Executing VM operation: RevokeBias done
Event: 274,567 Executing VM operation: RevokeBias
Event: 274,574 Executing VM operation: RevokeBias done
Event: 274,598 Executing VM operation: RevokeBias
Event: 274,599 Executing VM operation: RevokeBias done


Dynamic libraries:
cae00000-ce400000 rw-p 00000000 00:00 0 
ce400000-100000000 ---p 00000000 00:00 0 
100000000-100120000 rw-p 00000000 00:00 0 
100120000-140000000 ---p 00000000 00:00 0 
55d3d5c1d000-55d3d5c1e000 r--p 00000000 08:02 48760513                   /app/openjdk-11/bin/java
55d3d5c1e000-55d3d5c1f000 r-xp 00001000 08:02 48760513                   /app/openjdk-11/bin/java
55d3d5c1f000-55d3d5c20000 r--p 00002000 08:02 48760513                   /app/openjdk-11/bin/java
55d3d5c20000-55d3d5c21000 r--p 00002000 08:02 48760513                   /app/openjdk-11/bin/java
55d3d5c21000-55d3d5c22000 rw-p 00003000 08:02 48760513                   /app/openjdk-11/bin/java
55d3d6d6a000-55d3d6d8b000 rw-p 00000000 00:00 0                          [heap]
7f6e5c000000-7f6e5d71b000 rw-p 00000000 00:00 0 
7f6e5d71b000-7f6e60000000 ---p 00000000 00:00 0 
7f6e64000000-7f6e64021000 rw-p 00000000 00:00 0 
7f6e64021000-7f6e68000000 ---p 00000000 00:00 0 
7f6e68000000-7f6e6812f000 rw-p 00000000 00:00 0 
7f6e6812f000-7f6e6c000000 ---p 00000000 00:00 0 
7f6e6c000000-7f6e6d2ce000 rw-p 00000000 00:00 0 
7f6e6d2ce000-7f6e70000000 ---p 00000000 00:00 0 
7f6e70000000-7f6e70056000 rw-p 00000000 00:00 0 
7f6e70056000-7f6e74000000 ---p 00000000 00:00 0 
7f6e74000000-7f6e74021000 rw-p 00000000 00:00 0 
7f6e74021000-7f6e78000000 ---p 00000000 00:00 0 
7f6e78000000-7f6e7bfff000 rw-p 00000000 00:00 0 
7f6e7bfff000-7f6e7c000000 ---p 00000000 00:00 0 
7f6e7c000000-7f6e7c021000 rw-p 00000000 00:00 0 
7f6e7c021000-7f6e80000000 ---p 00000000 00:00 0 
7f6e80000000-7f6e80021000 rw-p 00000000 00:00 0 
7f6e80021000-7f6e84000000 ---p 00000000 00:00 0 
7f6e84000000-7f6e84021000 rw-p 00000000 00:00 0 
7f6e84021000-7f6e88000000 ---p 00000000 00:00 0 
7f6e88000000-7f6e88021000 rw-p 00000000 00:00 0 
7f6e88021000-7f6e8c000000 ---p 00000000 00:00 0 
7f6e8c000000-7f6e8c021000 rw-p 00000000 00:00 0 
7f6e8c021000-7f6e90000000 ---p 00000000 00:00 0 
7f6e90000000-7f6e90043000 rw-p 00000000 00:00 0 
7f6e90043000-7f6e94000000 ---p 00000000 00:00 0 
7f6e95508000-7f6e9550c000 ---p 00000000 00:00 0 
7f6e9550c000-7f6e95609000 rw-p 00000000 00:00 0 
7f6e95609000-7f6e9560d000 ---p 00000000 00:00 0 
7f6e9560d000-7f6e9570a000 rw-p 00000000 00:00 0 
7f6e9570a000-7f6e9570e000 ---p 00000000 00:00 0 
7f6e9570e000-7f6e9580b000 rw-p 00000000 00:00 0 
7f6e9580b000-7f6e9580c000 ---p 00000000 00:00 0 
7f6e9580c000-7f6e9590d000 rw-p 00000000 00:00 0 
7f6e9590d000-7f6e9590e000 ---p 00000000 00:00 0 
7f6e9590e000-7f6e95a0f000 rw-p 00000000 00:00 0 
7f6e95a0f000-7f6e95a13000 ---p 00000000 00:00 0 
7f6e95a13000-7f6e95b10000 rw-p 00000000 00:00 0 
7f6e95b10000-7f6e95b14000 ---p 00000000 00:00 0 
7f6e95b14000-7f6e95c11000 rw-p 00000000 00:00 0 
7f6e95c11000-7f6e95c15000 ---p 00000000 00:00 0 
7f6e95c15000-7f6e95d12000 rw-p 00000000 00:00 0 
7f6e95d12000-7f6e95d16000 ---p 00000000 00:00 0 
7f6e95d16000-7f6e95e13000 rw-p 00000000 00:00 0 
7f6e95e13000-7f6e95e17000 ---p 00000000 00:00 0 
7f6e95e17000-7f6e95f14000 rw-p 00000000 00:00 0 
7f6e95f14000-7f6e95f18000 ---p 00000000 00:00 0 
7f6e95f18000-7f6e96015000 rw-p 00000000 00:00 0 
7f6e96015000-7f6e96019000 ---p 00000000 00:00 0 
7f6e96019000-7f6e96116000 rw-p 00000000 00:00 0 
7f6e96116000-7f6e9611a000 ---p 00000000 00:00 0 
7f6e9611a000-7f6e96217000 rw-p 00000000 00:00 0 
7f6e96217000-7f6e962ec000 r-xp 00000000 00:38 134                        /tmp/sqlite-3.30.1-6d0b0c0c-0e21-44c4-9f8e-04bee85e94b5-libsqlitejdbc.so
7f6e962ec000-7f6e964eb000 ---p 000d5000 00:38 134                        /tmp/sqlite-3.30.1-6d0b0c0c-0e21-44c4-9f8e-04bee85e94b5-libsqlitejdbc.so
7f6e964eb000-7f6e964f2000 rw-p 000d4000 00:38 134                        /tmp/sqlite-3.30.1-6d0b0c0c-0e21-44c4-9f8e-04bee85e94b5-libsqlitejdbc.so
7f6e964f2000-7f6e966b2000 rw-p 00000000 00:00 0 
7f6e966b2000-7f6e966f2000 ---p 00000000 00:00 0 
7f6e966f2000-7f6e966f6000 ---p 00000000 00:00 0 
7f6e966f6000-7f6e967f3000 rw-p 00000000 00:00 0 
7f6e967f3000-7f6e967f4000 ---p 00000000 00:00 0 
7f6e967f4000-7f6e968f5000 rw-p 00000000 00:00 0 
7f6e968f5000-7f6e968f9000 ---p 00000000 00:00 0 
7f6e968f9000-7f6e969f6000 rw-p 00000000 00:00 0 
7f6e969f6000-7f6e969fa000 ---p 00000000 00:00 0 
7f6e969fa000-7f6e96b28000 rw-p 00000000 00:00 0 
7f6e96b28000-7f6e96b2c000 ---p 00000000 00:00 0 
7f6e96b2c000-7f6e96c29000 rw-p 00000000 00:00 0 
7f6e96c29000-7f6e96c2d000 ---p 00000000 00:00 0 
7f6e96c2d000-7f6e96d2a000 rw-p 00000000 00:00 0 
7f6e96d2a000-7f6e96d2e000 ---p 00000000 00:00 0 
7f6e96d2e000-7f6e96e2b000 rw-p 00000000 00:00 0 
7f6e96e2b000-7f6e96e2f000 ---p 00000000 00:00 0 
7f6e96e2f000-7f6e96f2c000 rw-p 00000000 00:00 0 
7f6e96f2c000-7f6e96f7f000 r--p 00000000 08:02 31589561                   /usr/share/runtime/locale/fr/lib/fr_FR.utf8/LC_CTYPE
7f6e96f7f000-7f6e971f7000 r--p 00000000 08:02 31589560                   /usr/share/runtime/locale/fr/lib/fr_FR.utf8/LC_COLLATE
7f6e971f7000-7f6e971fb000 ---p 00000000 00:00 0 
7f6e971fb000-7f6e972f8000 rw-p 00000000 00:00 0 
7f6e972f8000-7f6e972fc000 ---p 00000000 00:00 0 
7f6e972fc000-7f6e973f9000 rw-p 00000000 00:00 0 
7f6e973f9000-7f6e973fa000 ---p 00000000 00:00 0 
7f6e973fa000-7f6e97cfb000 rw-p 00000000 00:00 0 
7f6e97cfb000-7f6e97cfc000 ---p 00000000 00:00 0 
7f6e97cfc000-7f6e97dfd000 rw-p 00000000 00:00 0 
7f6e97dfd000-7f6e97dfe000 ---p 00000000 00:00 0 
7f6e97dfe000-7f6e98000000 rw-p 00000000 00:00 0 
7f6e98000000-7f6e98021000 rw-p 00000000 00:00 0 
7f6e98021000-7f6e9c000000 ---p 00000000 00:00 0 
7f6e9c013000-7f6e9c017000 r--p 00000000 08:02 48760675                   /app/openjdk-11/lib/libnet.so
7f6e9c017000-7f6e9c027000 r-xp 00004000 08:02 48760675                   /app/openjdk-11/lib/libnet.so
7f6e9c027000-7f6e9c02b000 r--p 00014000 08:02 48760675                   /app/openjdk-11/lib/libnet.so
7f6e9c02b000-7f6e9c02c000 r--p 00017000 08:02 48760675                   /app/openjdk-11/lib/libnet.so
7f6e9c02c000-7f6e9c02d000 rw-p 00018000 08:02 48760675                   /app/openjdk-11/lib/libnet.so
7f6e9c02d000-7f6e9c034000 r--p 00000000 08:02 48760677                   /app/openjdk-11/lib/libnio.so
7f6e9c034000-7f6e9c03c000 r-xp 00007000 08:02 48760677                   /app/openjdk-11/lib/libnio.so
7f6e9c03c000-7f6e9c03f000 r--p 0000f000 08:02 48760677                   /app/openjdk-11/lib/libnio.so
7f6e9c03f000-7f6e9c040000 r--p 00011000 08:02 48760677                   /app/openjdk-11/lib/libnio.so
7f6e9c040000-7f6e9c041000 rw-p 00012000 08:02 48760677                   /app/openjdk-11/lib/libnio.so
7f6e9c041000-7f6e9e1c3000 rw-p 00000000 00:00 0 
7f6e9e1c3000-7f6e9e1c4000 ---p 00000000 00:00 0 
7f6e9e1c4000-7f6e9e2c5000 rw-p 00000000 00:00 0 
7f6e9e2c5000-7f6e9e2c6000 ---p 00000000 00:00 0 
7f6e9e2c6000-7f6e9e49f000 rw-p 00000000 00:00 0 
7f6e9e49f000-7f6e9f10f000 ---p 00000000 00:00 0 
7f6e9f10f000-7f6e9f1e7000 rw-p 00000000 00:00 0 
7f6e9f1e7000-7f6e9fe57000 ---p 00000000 00:00 0 
7f6e9fe57000-7f6e9fe72000 rw-p 00000000 00:00 0 
7f6e9fe72000-7f6ea0000000 ---p 00000000 00:00 0 
7f6ea0000000-7f6ea0021000 rw-p 00000000 00:00 0 
7f6ea0021000-7f6ea4000000 ---p 00000000 00:00 0 
7f6ea400f000-7f6ea40ef000 rw-p 00000000 00:00 0 
7f6ea40ef000-7f6ea427d000 ---p 00000000 00:00 0 
7f6ea427d000-7f6ea4298000 rw-p 00000000 00:00 0 
7f6ea4298000-7f6ea4426000 ---p 00000000 00:00 0 
7f6ea4426000-7f6ea4628000 rw-p 00000000 00:00 0 
7f6ea4628000-7f6ea4629000 ---p 00000000 00:00 0 
7f6ea4629000-7f6ea472f000 rw-p 00000000 00:00 0 
7f6ea472f000-7f6ea4815000 ---p 00000000 00:00 0 
7f6ea4815000-7f6ea481a000 rw-p 00000000 00:00 0 
7f6ea481a000-7f6ea4900000 ---p 00000000 00:00 0 
7f6ea4900000-7f6ea4b70000 rwxp 00000000 00:00 0 
7f6ea4b70000-7f6ea4e8f000 ---p 00000000 00:00 0 
7f6ea4e8f000-7f6ea50ff000 rwxp 00000000 00:00 0 
7f6ea50ff000-7f6eac3c7000 ---p 00000000 00:00 0 
7f6eac3c7000-7f6eac637000 rwxp 00000000 00:00 0 
7f6eac637000-7f6eb3900000 ---p 00000000 00:00 0 
7f6eb3900000-7f6ebc000000 r--s 00000000 08:02 48760686                   /app/openjdk-11/lib/modules
7f6ebc000000-7f6ebc27c000 rw-p 00000000 00:00 0 
7f6ebc27c000-7f6ec0000000 ---p 00000000 00:00 0 
7f6ec000e000-7f6ec000f000 r--p 00000000 08:02 31590041                   /usr/share/runtime/locale/fr/lib/fr_FR.utf8/LC_NUMERIC
7f6ec000f000-7f6ec0010000 r--p 00000000 08:02 31591225                   /usr/share/runtime/locale/fr/lib/fr_FR.utf8/LC_TIME
7f6ec0010000-7f6ec0011000 r--p 00000000 08:02 31590040                   /usr/share/runtime/locale/fr/lib/fr_FR.utf8/LC_MONETARY
7f6ec0011000-7f6ec0012000 r--p 00000000 08:02 31594405                   /usr/share/runtime/locale/fr/lib/fr_FR.utf8/LC_MESSAGES/SYS_LC_MESSAGES
7f6ec0012000-7f6ec0013000 r--p 00000000 08:02 31589566                   /usr/share/runtime/locale/fr/lib/fr_FR.utf8/LC_PAPER
7f6ec0013000-7f6ec0014000 r--p 00000000 08:02 31589617                   /usr/share/runtime/locale/fr/lib/fr_FR.utf8/LC_NAME
7f6ec0014000-7f6ec0015000 r--p 00000000 08:02 31591223                   /usr/share/runtime/locale/fr/lib/fr_FR.utf8/LC_ADDRESS
7f6ec0015000-7f6ec0037000 rw-p 00000000 00:00 0 
7f6ec0037000-7f6ec003e000 ---p 00000000 00:00 0 
7f6ec003e000-7f6ec0041000 r--p 00000000 08:02 34080392                   /usr/lib/x86_64-linux-gnu/libnss_files-2.30.so
7f6ec0041000-7f6ec0048000 r-xp 00003000 08:02 34080392                   /usr/lib/x86_64-linux-gnu/libnss_files-2.30.so
7f6ec0048000-7f6ec004a000 r--p 0000a000 08:02 34080392                   /usr/lib/x86_64-linux-gnu/libnss_files-2.30.so
7f6ec004a000-7f6ec004b000 ---p 0000c000 08:02 34080392                   /usr/lib/x86_64-linux-gnu/libnss_files-2.30.so
7f6ec004b000-7f6ec004c000 r--p 0000c000 08:02 34080392                   /usr/lib/x86_64-linux-gnu/libnss_files-2.30.so
7f6ec004c000-7f6ec004d000 rw-p 0000d000 08:02 34080392                   /usr/lib/x86_64-linux-gnu/libnss_files-2.30.so
7f6ec004d000-7f6ec0053000 rw-p 00000000 00:00 0 
7f6ec0053000-7f6ec0054000 r--p 00000000 08:02 31590042                   /usr/share/runtime/locale/fr/lib/fr_FR.utf8/LC_TELEPHONE
7f6ec0054000-7f6ec0055000 r--p 00000000 08:02 31589563                   /usr/share/runtime/locale/fr/lib/fr_FR.utf8/LC_MEASUREMENT
7f6ec0055000-7f6ec0057000 r--p 00000000 08:02 48760685                   /app/openjdk-11/lib/libzip.so
7f6ec0057000-7f6ec005b000 r-xp 00002000 08:02 48760685                   /app/openjdk-11/lib/libzip.so
7f6ec005b000-7f6ec005d000 r--p 00006000 08:02 48760685                   /app/openjdk-11/lib/libzip.so
7f6ec005d000-7f6ec005e000 r--p 00007000 08:02 48760685                   /app/openjdk-11/lib/libzip.so
7f6ec005e000-7f6ec005f000 rw-p 00008000 08:02 48760685                   /app/openjdk-11/lib/libzip.so
7f6ec005f000-7f6ec0067000 rw-s 00000000 00:38 129                        /tmp/hsperfdata_pc-nina/21739
7f6ec0067000-7f6ec0069000 r--p 00000000 08:02 48760665                   /app/openjdk-11/lib/libjimage.so
7f6ec0069000-7f6ec006c000 r-xp 00002000 08:02 48760665                   /app/openjdk-11/lib/libjimage.so
7f6ec006c000-7f6ec006d000 r--p 00005000 08:02 48760665                   /app/openjdk-11/lib/libjimage.so
7f6ec006d000-7f6ec006e000 ---p 00006000 08:02 48760665                   /app/openjdk-11/lib/libjimage.so
7f6ec006e000-7f6ec006f000 r--p 00006000 08:02 48760665                   /app/openjdk-11/lib/libjimage.so
7f6ec006f000-7f6ec0070000 rw-p 00007000 08:02 48760665                   /app/openjdk-11/lib/libjimage.so
7f6ec0070000-7f6ec007e000 r--p 00000000 08:02 48760660                   /app/openjdk-11/lib/libjava.so
7f6ec007e000-7f6ec0094000 r-xp 0000e000 08:02 48760660                   /app/openjdk-11/lib/libjava.so
7f6ec0094000-7f6ec009a000 r--p 00024000 08:02 48760660                   /app/openjdk-11/lib/libjava.so
7f6ec009a000-7f6ec009b000 ---p 0002a000 08:02 48760660                   /app/openjdk-11/lib/libjava.so
7f6ec009b000-7f6ec009c000 r--p 0002a000 08:02 48760660                   /app/openjdk-11/lib/libjava.so
7f6ec009c000-7f6ec009d000 rw-p 0002b000 08:02 48760660                   /app/openjdk-11/lib/libjava.so
7f6ec009d000-7f6ec009e000 rw-p 00000000 00:00 0 
7f6ec009e000-7f6ec00a0000 r--p 00000000 08:02 34080422                   /usr/lib/x86_64-linux-gnu/librt-2.30.so
7f6ec00a0000-7f6ec00a4000 r-xp 00002000 08:02 34080422                   /usr/lib/x86_64-linux-gnu/librt-2.30.so
7f6ec00a4000-7f6ec00a6000 r--p 00006000 08:02 34080422                   /usr/lib/x86_64-linux-gnu/librt-2.30.so
7f6ec00a6000-7f6ec00a7000 r--p 00007000 08:02 34080422                   /usr/lib/x86_64-linux-gnu/librt-2.30.so
7f6ec00a7000-7f6ec00a8000 rw-p 00008000 08:02 34080422                   /usr/lib/x86_64-linux-gnu/librt-2.30.so
7f6ec00a8000-7f6ec00ac000 ---p 00000000 00:00 0 
7f6ec00ac000-7f6ec01a9000 rw-p 00000000 00:00 0 
7f6ec01a9000-7f6ec01ac000 r--p 00000000 08:02 31602582                   /usr/lib/x86_64-linux-gnu/libgcc_s.so.1
7f6ec01ac000-7f6ec01bd000 r-xp 00003000 08:02 31602582                   /usr/lib/x86_64-linux-gnu/libgcc_s.so.1
7f6ec01bd000-7f6ec01c1000 r--p 00014000 08:02 31602582                   /usr/lib/x86_64-linux-gnu/libgcc_s.so.1
7f6ec01c1000-7f6ec01c2000 r--p 00017000 08:02 31602582                   /usr/lib/x86_64-linux-gnu/libgcc_s.so.1
7f6ec01c2000-7f6ec01c3000 rw-p 00018000 08:02 31602582                   /usr/lib/x86_64-linux-gnu/libgcc_s.so.1
7f6ec01c3000-7f6ec01d0000 r--p 00000000 08:02 34080382                   /usr/lib/x86_64-linux-gnu/libm-2.30.so
7f6ec01d0000-7f6ec0271000 r-xp 0000d000 08:02 34080382                   /usr/lib/x86_64-linux-gnu/libm-2.30.so
7f6ec0271000-7f6ec030e000 r--p 000ae000 08:02 34080382                   /usr/lib/x86_64-linux-gnu/libm-2.30.so
7f6ec030e000-7f6ec030f000 r--p 0014a000 08:02 34080382                   /usr/lib/x86_64-linux-gnu/libm-2.30.so
7f6ec030f000-7f6ec0310000 rw-p 0014b000 08:02 34080382                   /usr/lib/x86_64-linux-gnu/libm-2.30.so
7f6ec0310000-7f6ec03ad000 r--p 00000000 08:02 31603087                   /usr/lib/x86_64-linux-gnu/libstdc++.so.6.0.27
7f6ec03ad000-7f6ec04af000 r-xp 0009d000 08:02 31603087                   /usr/lib/x86_64-linux-gnu/libstdc++.so.6.0.27
7f6ec04af000-7f6ec04fe000 r--p 0019f000 08:02 31603087                   /usr/lib/x86_64-linux-gnu/libstdc++.so.6.0.27
7f6ec04fe000-7f6ec04ff000 ---p 001ee000 08:02 31603087                   /usr/lib/x86_64-linux-gnu/libstdc++.so.6.0.27
7f6ec04ff000-7f6ec050a000 r--p 001ee000 08:02 31603087                   /usr/lib/x86_64-linux-gnu/libstdc++.so.6.0.27
7f6ec050a000-7f6ec050d000 rw-p 001f9000 08:02 31603087                   /usr/lib/x86_64-linux-gnu/libstdc++.so.6.0.27
7f6ec050d000-7f6ec0510000 rw-p 00000000 00:00 0 
7f6ec0510000-7f6ec078a000 r--p 00000000 08:02 48760946                   /app/openjdk-11/lib/server/libjvm.so
7f6ec078a000-7f6ec1451000 r-xp 0027a000 08:02 48760946                   /app/openjdk-11/lib/server/libjvm.so
7f6ec1451000-7f6ec16a7000 r--p 00f41000 08:02 48760946                   /app/openjdk-11/lib/server/libjvm.so
7f6ec16a7000-7f6ec1768000 r--p 01196000 08:02 48760946                   /app/openjdk-11/lib/server/libjvm.so
7f6ec1768000-7f6ec17a3000 rw-p 01257000 08:02 48760946                   /app/openjdk-11/lib/server/libjvm.so
7f6ec17a3000-7f6ec17fc000 rw-p 00000000 00:00 0 
7f6ec17fc000-7f6ec181e000 r--p 00000000 08:02 34080272                   /usr/lib/x86_64-linux-gnu/libc-2.30.so
7f6ec181e000-7f6ec196d000 r-xp 00022000 08:02 34080272                   /usr/lib/x86_64-linux-gnu/libc-2.30.so
7f6ec196d000-7f6ec19ba000 r--p 00171000 08:02 34080272                   /usr/lib/x86_64-linux-gnu/libc-2.30.so
7f6ec19ba000-7f6ec19bb000 ---p 001be000 08:02 34080272                   /usr/lib/x86_64-linux-gnu/libc-2.30.so
7f6ec19bb000-7f6ec19bf000 r--p 001be000 08:02 34080272                   /usr/lib/x86_64-linux-gnu/libc-2.30.so
7f6ec19bf000-7f6ec19c1000 rw-p 001c2000 08:02 34080272                   /usr/lib/x86_64-linux-gnu/libc-2.30.so
7f6ec19c1000-7f6ec19c5000 rw-p 00000000 00:00 0 
7f6ec19c5000-7f6ec19c6000 r--p 00000000 08:02 34080297                   /usr/lib/x86_64-linux-gnu/libdl-2.30.so
7f6ec19c6000-7f6ec19c8000 r-xp 00001000 08:02 34080297                   /usr/lib/x86_64-linux-gnu/libdl-2.30.so
7f6ec19c8000-7f6ec19c9000 r--p 00003000 08:02 34080297                   /usr/lib/x86_64-linux-gnu/libdl-2.30.so
7f6ec19c9000-7f6ec19ca000 r--p 00003000 08:02 34080297                   /usr/lib/x86_64-linux-gnu/libdl-2.30.so
7f6ec19ca000-7f6ec19cb000 rw-p 00004000 08:02 34080297                   /usr/lib/x86_64-linux-gnu/libdl-2.30.so
7f6ec19cb000-7f6ec19ce000 r--p 00000000 08:02 48760941                   /app/openjdk-11/lib/jli/libjli.so
7f6ec19ce000-7f6ec19d8000 r-xp 00003000 08:02 48760941                   /app/openjdk-11/lib/jli/libjli.so
7f6ec19d8000-7f6ec19db000 r--p 0000d000 08:02 48760941                   /app/openjdk-11/lib/jli/libjli.so
7f6ec19db000-7f6ec19dc000 ---p 00010000 08:02 48760941                   /app/openjdk-11/lib/jli/libjli.so
7f6ec19dc000-7f6ec19dd000 r--p 00010000 08:02 48760941                   /app/openjdk-11/lib/jli/libjli.so
7f6ec19dd000-7f6ec19de000 rw-p 00011000 08:02 48760941                   /app/openjdk-11/lib/jli/libjli.so
7f6ec19de000-7f6ec19e4000 r--p 00000000 08:02 34080415                   /usr/lib/x86_64-linux-gnu/libpthread-2.30.so
7f6ec19e4000-7f6ec19f4000 r-xp 00006000 08:02 34080415                   /usr/lib/x86_64-linux-gnu/libpthread-2.30.so
7f6ec19f4000-7f6ec19fa000 r--p 00016000 08:02 34080415                   /usr/lib/x86_64-linux-gnu/libpthread-2.30.so
7f6ec19fa000-7f6ec19fb000 r--p 0001b000 08:02 34080415                   /usr/lib/x86_64-linux-gnu/libpthread-2.30.so
7f6ec19fb000-7f6ec19fc000 rw-p 0001c000 08:02 34080415                   /usr/lib/x86_64-linux-gnu/libpthread-2.30.so
7f6ec19fc000-7f6ec1a00000 rw-p 00000000 00:00 0 
7f6ec1a00000-7f6ec1a03000 r--p 00000000 08:02 31603312                   /usr/lib/x86_64-linux-gnu/libz.so.1.2.11
7f6ec1a03000-7f6ec1a11000 r-xp 00003000 08:02 31603312                   /usr/lib/x86_64-linux-gnu/libz.so.1.2.11
7f6ec1a11000-7f6ec1a18000 r--p 00011000 08:02 31603312                   /usr/lib/x86_64-linux-gnu/libz.so.1.2.11
7f6ec1a18000-7f6ec1a19000 r--p 00017000 08:02 31603312                   /usr/lib/x86_64-linux-gnu/libz.so.1.2.11
7f6ec1a19000-7f6ec1a1a000 rw-p 00018000 08:02 31603312                   /usr/lib/x86_64-linux-gnu/libz.so.1.2.11
7f6ec1a1a000-7f6ec1a1c000 rw-p 00000000 00:00 0 
7f6ec1a1c000-7f6ec1a1d000 ---p 00000000 00:00 0 
7f6ec1a1d000-7f6ec1a1e000 r--p 00000000 00:00 0 
7f6ec1a1e000-7f6ec1a23000 r--p 00000000 08:02 48760684                   /app/openjdk-11/lib/libverify.so
7f6ec1a23000-7f6ec1a2a000 r-xp 00005000 08:02 48760684                   /app/openjdk-11/lib/libverify.so
7f6ec1a2a000-7f6ec1a2c000 r--p 0000c000 08:02 48760684                   /app/openjdk-11/lib/libverify.so
7f6ec1a2c000-7f6ec1a2d000 ---p 0000e000 08:02 48760684                   /app/openjdk-11/lib/libverify.so
7f6ec1a2d000-7f6ec1a2f000 r--p 0000e000 08:02 48760684                   /app/openjdk-11/lib/libverify.so
7f6ec1a2f000-7f6ec1a30000 rw-p 00010000 08:02 48760684                   /app/openjdk-11/lib/libverify.so
7f6ec1a30000-7f6ec1a31000 r--p 00000000 08:02 34080253                   /usr/lib/x86_64-linux-gnu/ld-2.30.so
7f6ec1a31000-7f6ec1a51000 r-xp 00001000 08:02 34080253                   /usr/lib/x86_64-linux-gnu/ld-2.30.so
7f6ec1a51000-7f6ec1a59000 r--p 00021000 08:02 34080253                   /usr/lib/x86_64-linux-gnu/ld-2.30.so
7f6ec1a59000-7f6ec1a5a000 r--p 00000000 08:02 31591224                   /usr/share/runtime/locale/fr/lib/fr_FR.utf8/LC_IDENTIFICATION
7f6ec1a5a000-7f6ec1a5b000 r--p 00029000 08:02 34080253                   /usr/lib/x86_64-linux-gnu/ld-2.30.so
7f6ec1a5b000-7f6ec1a5c000 rw-p 0002a000 08:02 34080253                   /usr/lib/x86_64-linux-gnu/ld-2.30.so
7f6ec1a5c000-7f6ec1a5d000 rw-p 00000000 00:00 0 
7fff7a162000-7fff7a183000 rw-p 00000000 00:00 0                          [stack]
7fff7a1b7000-7fff7a1ba000 r--p 00000000 00:00 0                          [vvar]
7fff7a1ba000-7fff7a1bb000 r-xp 00000000 00:00 0                          [vdso]
ffffffffff600000-ffffffffff601000 r-xp 00000000 00:00 0                  [vsyscall]


VM Arguments:
jvm_args: -Dfile.encoding=UTF-8 --module-path=/home/pc-nina/eclipse-workspace/AllinUsServer/bin:/home/pc-nina/eclipse-workspace/AllinUsServer/externLib/sqlite-jdbc-3.30.1.jar -Djdk.module.main=AllinUsServer 
java_command: AllinUsServer/AllInUsServer.ChatServer
java_class_path (initial): <not set>
Launcher Type: SUN_STANDARD

[Global flags]
     intx CICompilerCount                          = 2                                         {product} {ergonomic}
     uint ConcGCThreads                            = 1                                         {product} {ergonomic}
     uint G1ConcRefinementThreads                  = 2                                         {product} {ergonomic}
   size_t G1HeapRegionSize                         = 1048576                                   {product} {ergonomic}
    uintx GCDrainStackTargetSize                   = 64                                        {product} {ergonomic}
   size_t InitialHeapSize                          = 56623104                                  {product} {ergonomic}
   size_t MarkStackSize                            = 4194304                                   {product} {ergonomic}
   size_t MaxHeapSize                              = 891289600                                 {product} {ergonomic}
   size_t MaxNewSize                               = 534773760                                 {product} {ergonomic}
   size_t MinHeapDeltaBytes                        = 1048576                                   {product} {ergonomic}
    uintx NonNMethodCodeHeapSize                   = 5825164                                {pd product} {ergonomic}
    uintx NonProfiledCodeHeapSize                  = 122916538                              {pd product} {ergonomic}
    uintx ProfiledCodeHeapSize                     = 122916538                              {pd product} {ergonomic}
    uintx ReservedCodeCacheSize                    = 251658240                              {pd product} {ergonomic}
     bool SegmentedCodeCache                       = true                                      {product} {ergonomic}
     bool UseCompressedClassPointers               = true                                 {lp64_product} {ergonomic}
     bool UseCompressedOops                        = true                                 {lp64_product} {ergonomic}
     bool UseG1GC                                  = true                                      {product} {ergonomic}

Logging:
Log output configuration:
 #0: stdout all=warning uptime,level,tags
 #1: stderr all=off uptime,level,tags

Environment Variables:
PATH=/app/bin:/app/openjdk-11/bin:/usr/bin
SHELL=/bin/sh
DISPLAY=:99.0
LANG=fr_FR.UTF-8

Signal Handlers:
SIGSEGV: [libjvm.so+0xec9f70], sa_mask[0]=11111111011111111101111111111110, sa_flags=SA_RESTART|SA_SIGINFO
SIGBUS: [libjvm.so+0xec9f70], sa_mask[0]=11111111011111111101111111111110, sa_flags=SA_RESTART|SA_SIGINFO
SIGFPE: [libjvm.so+0xec9f70], sa_mask[0]=11111111011111111101111111111110, sa_flags=SA_RESTART|SA_SIGINFO
SIGPIPE: [libjvm.so+0xc0eb10], sa_mask[0]=11111111011111111101111111111110, sa_flags=SA_RESTART|SA_SIGINFO
SIGXFSZ: [libjvm.so+0xc0eb10], sa_mask[0]=11111111011111111101111111111110, sa_flags=SA_RESTART|SA_SIGINFO
SIGILL: [libjvm.so+0xec9f70], sa_mask[0]=11111111011111111101111111111110, sa_flags=SA_RESTART|SA_SIGINFO
SIGUSR2: [libjvm.so+0xc0e990], sa_mask[0]=00100000000000000000000000000000, sa_flags=SA_RESTART|SA_SIGINFO
SIGHUP: [libjvm.so+0xc0ee70], sa_mask[0]=11111111011111111101111111111110, sa_flags=SA_RESTART|SA_SIGINFO
SIGINT: [libjvm.so+0xc0ee70], sa_mask[0]=11111111011111111101111111111110, sa_flags=SA_RESTART|SA_SIGINFO
SIGTERM: [libjvm.so+0xc0ee70], sa_mask[0]=11111111011111111101111111111110, sa_flags=SA_RESTART|SA_SIGINFO
SIGQUIT: [libjvm.so+0xc0ee70], sa_mask[0]=11111111011111111101111111111110, sa_flags=SA_RESTART|SA_SIGINFO


---------------  S Y S T E M  ---------------

OS:NAME=GNOME
VERSION="master (Flatpak runtime)"
VERSION_ID=master
ID=org.gnome.Platform
uname:Linux 5.0.0-32-generic #34~18.04.2-Ubuntu SMP Thu Oct 10 10:36:02 UTC 2019 x86_64
OS uptime: 0 days 4:08 hours
libc:glibc 2.30 NPTL 2.30 
rlimit (soft/hard): STACK 8192k/infinity , CORE 0k/infinity , NPROC 13316/13316 , NOFILE 1048576/1048576 , AS infinity/infinity , CPU infinity/infinity , DATA infinity/infinity , FSIZE infinity/infinity , MEMLOCK 16384k/16384k
load average:8,18 5,55 5,44

/proc/meminfo:
MemTotal:        3479916 kB
MemFree:          106184 kB
MemAvailable:     414880 kB
Buffers:           32076 kB
Cached:           502184 kB
SwapCached:       100556 kB
Active:          2330828 kB
Inactive:         723616 kB
Active(anon):    2057428 kB
Inactive(anon):   506956 kB
Active(file):     273400 kB
Inactive(file):   216660 kB
Unevictable:         160 kB
Mlocked:             160 kB
SwapTotal:       2097148 kB
SwapFree:        1527324 kB
Dirty:                 4 kB
Writeback:             0 kB
AnonPages:       2500380 kB
Mapped:           386280 kB
Shmem:             44080 kB
KReclaimable:      38948 kB
Slab:              84064 kB
SReclaimable:      38948 kB
SUnreclaim:        45116 kB
KernelStack:       13488 kB
PageTables:        49992 kB
NFS_Unstable:          0 kB
Bounce:                0 kB
WritebackTmp:          0 kB
CommitLimit:     3837104 kB
Committed_AS:    8161280 kB
VmallocTotal:   34359738367 kB
VmallocUsed:           0 kB
VmallocChunk:          0 kB
Percpu:             1088 kB
HardwareCorrupted:     0 kB
AnonHugePages:         0 kB
ShmemHugePages:        0 kB
ShmemPmdMapped:        0 kB
CmaTotal:              0 kB
CmaFree:               0 kB
HugePages_Total:       0
HugePages_Free:        0
HugePages_Rsvd:        0
HugePages_Surp:        0
Hugepagesize:       2048 kB
Hugetlb:               0 kB
DirectMap4k:      428800 kB
DirectMap2M:     3201024 kB
DirectMap1G:           0 kB

/sys/kernel/mm/transparent_hugepage/enabled:
  <Not Available>

/sys/kernel/mm/transparent_hugepage/defrag (defrag/compaction efforts parameter):
  <Not Available>


/proc/sys/kernel/threads-max (system-wide limit on the number of threads):
26633


/proc/sys/vm/max_map_count (maximum number of memory map areas a process may have):
65530


/proc/sys/kernel/pid_max (system-wide limit on number of process identifiers):
32768



Steal ticks since vm start: 0
Steal ticks percentage since vm start:  0,000

CPU:total 2 (initial active 2) (2 cores per cpu, 1 threads per core) family 22 model 48 stepping 1, cmov, cx8, fxsr, mmx, sse, sse2, sse3, ssse3, sse4.1, sse4.2, popcnt, avx, aes, clmul, mmxext, 3dnowpref, lzcnt, sse4a, tsc, tscinvbit, tscinv, bmi1
CPU Model and flags from /proc/cpuinfo:
model name	: AMD E1-6010 APU with AMD Radeon R2 Graphics
flags		: fpu vme de pse tsc msr pae mce cx8 apic sep mtrr pge mca cmov pat pse36 clflush mmx fxsr sse sse2 ht syscall nx mmxext fxsr_opt pdpe1gb rdtscp lm constant_tsc rep_good acc_power nopl nonstop_tsc cpuid extd_apicid aperfmperf pni pclmulqdq monitor ssse3 cx16 sse4_1 sse4_2 movbe popcnt aes xsave avx f16c lahf_lm cmp_legacy svm extapic cr8_legacy abm sse4a misalignsse 3dnowprefetch osvw ibs skinit wdt topoext perfctr_nb bpext ptsc perfctr_llc hw_pstate ssbd vmmcall bmi1 xsaveopt arat npt lbrv svm_lock nrip_save tsc_scale flushbyasid decodeassists pausefilter pfthreshold overflow_recov

Memory: 4k page, physical 3479916k(106184k free), swap 2097148k(1527324k free)

vm_info: OpenJDK 64-Bit Server VM (11.0.8+10) for linux-amd64 JRE (11.0.8+10), built on Sep  8 2020 15:31:29 by "buildbot" with gcc 9.3.0

END.
